<html>
<head>
<title>TestNG:  执行移动端美团测试用例</title>
<link href="../testng.css" rel="stylesheet" type="text/css" />
<link href="../my-testng.css" rel="stylesheet" type="text/css" />

<style type="text/css">
.log { display: none;} 
.stack-trace { display: none;} 
</style>
<script type="text/javascript">
<!--
function flip(e) {
  current = e.style.display;
  if (current == 'block') {
    e.style.display = 'none';
    return 0;
  }
  else {
    e.style.display = 'block';
    return 1;
  }
}

function toggleBox(szDivId, elem, msg1, msg2)
{
  var res = -1;  if (document.getElementById) {
    res = flip(document.getElementById(szDivId));
  }
  else if (document.all) {
    // this is the way old msie versions work
    res = flip(document.all[szDivId]);
  }
  if(elem) {
    if(res == 0) elem.innerHTML = msg1; else elem.innerHTML = msg2;
  }

}

function toggleAllBoxes() {
  if (document.getElementsByTagName) {
    d = document.getElementsByTagName('div');
    for (i = 0; i < d.length; i++) {
      if (d[i].className == 'log') {
        flip(d[i]);
      }
    }
  }
}

// -->
</script>

</head>
<body>
<h2 align='center'>执行移动端美团测试用例</h2><table border='1' align="center">
<tr>
<td>Tests passed/Failed/Skipped:</td><td>27/7/0</td>
</tr><tr>
<td>Started on:</td><td>Tue Apr 16 17:27:28 CST 2019</td>
</tr>
<tr><td>Total time:</td><td>2867 seconds (2867702 ms)</td>
</tr><tr>
<td>Included groups:</td><td></td>
</tr><tr>
<td>Excluded groups:</td><td></td>
</tr>
</table><p/>
<small><i>(Hover the method name to see the test class name)</i></small><p/>
<table width='100%' border='1' class='invocation-failed'>
<tr><td colspan='4' align='center'><b>FAILED TESTS</b></td></tr>
<tr><td><b>Test method</b></td>
<td width="30%"><b>Exception</b></td>
<td width="10%"><b>Time (seconds)</b></td>
<td><b>Instance</b></td>
</tr>
<tr>
<td title='com.meituan.HomePageTest.test014()'><b>test014</b><br>Test class: com.meituan.HomePageTest<br>Test method: 查看待付款订单，判断暂无订单</td>
<td><div><pre>java.lang.AssertionError: expected [true] but found [false]
	at com.meituan.HomePageTest.test014(HomePageTest.java:402)
	at com.sun.proxy.$Proxy0.invoke(Unknown Source)
... Removed 36 stack frames</pre></div><a href='#' onClick='toggleBox("stack-trace17078788", this, "Click to show all stack frames", "Click to hide stack frames")'>Click to show all stack frames</a>
<div class='stack-trace' id='stack-trace17078788'><pre>java.lang.AssertionError: expected [true] but found [false]
	at org.testng.Assert.fail(Assert.java:94)
	at org.testng.Assert.failNotEquals(Assert.java:513)
	at org.testng.Assert.assertTrue(Assert.java:42)
	at org.testng.Assert.assertTrue(Assert.java:52)
	at com.meituan.HomePageTest.test014(HomePageTest.java:402)
	at sun.reflect.NativeMethodAccessorImpl.invoke0(Native Method)
	at sun.reflect.NativeMethodAccessorImpl.invoke(NativeMethodAccessorImpl.java:62)
	at sun.reflect.DelegatingMethodAccessorImpl.invoke(DelegatingMethodAccessorImpl.java:43)
	at java.lang.reflect.Method.invoke(Method.java:498)
	at org.testng.internal.MethodInvocationHelper.invokeMethod(MethodInvocationHelper.java:86)
	at org.testng.internal.Invoker.invokeMethod(Invoker.java:643)
	at org.testng.internal.Invoker.invokeTestMethod(Invoker.java:820)
	at org.testng.internal.Invoker.invokeTestMethods(Invoker.java:1128)
	at org.testng.internal.TestMethodWorker.invokeTestMethods(TestMethodWorker.java:129)
	at org.testng.internal.TestMethodWorker.run(TestMethodWorker.java:112)
	at org.testng.TestRunner.privateRun(TestRunner.java:782)
	at org.testng.TestRunner.run(TestRunner.java:632)
	at org.testng.SuiteRunner.runTest(SuiteRunner.java:366)
	at org.testng.SuiteRunner.runSequentially(SuiteRunner.java:361)
	at org.testng.SuiteRunner.privateRun(SuiteRunner.java:319)
	at org.testng.SuiteRunner.run(SuiteRunner.java:268)
	at org.testng.SuiteRunnerWorker.runSuite(SuiteRunnerWorker.java:52)
	at org.testng.SuiteRunnerWorker.run(SuiteRunnerWorker.java:86)
	at org.testng.TestNG.runSuitesSequentially(TestNG.java:1244)
	at org.testng.TestNG.runSuitesLocally(TestNG.java:1169)
	at org.testng.TestNG.run(TestNG.java:1064)
	at org.apache.maven.surefire.testng.TestNGExecutor.run(TestNGExecutor.java:74)
	at org.apache.maven.surefire.testng.TestNGXmlTestSuite.execute(TestNGXmlTestSuite.java:93)
	at org.apache.maven.surefire.testng.TestNGProvider.invoke(TestNGProvider.java:101)
	at sun.reflect.NativeMethodAccessorImpl.invoke0(Native Method)
	at sun.reflect.NativeMethodAccessorImpl.invoke(NativeMethodAccessorImpl.java:62)
	at sun.reflect.DelegatingMethodAccessorImpl.invoke(DelegatingMethodAccessorImpl.java:43)
	at java.lang.reflect.Method.invoke(Method.java:498)
	at org.apache.maven.surefire.booter.ProviderFactory$ClassLoaderProxy.invoke(ProviderFactory.java:103)
	at com.sun.proxy.$Proxy0.invoke(Unknown Source)
	at org.apache.maven.surefire.booter.SurefireStarter.invokeProvider(SurefireStarter.java:145)
	at org.apache.maven.surefire.booter.SurefireStarter.runSuitesInProcess(SurefireStarter.java:87)
	at org.apache.maven.surefire.booter.ForkedBooter.main(ForkedBooter.java:69)
</pre></div></td>
<td>44</td>
<td>com.meituan.HomePageTest@1ec2012</td></tr>
<tr>
<td title='com.meituan.HomePageTest.test019()'><b>test019</b><br>Test class: com.meituan.HomePageTest<br>Test method: 查看全部订单</td>
<td><div><pre>org.openqa.selenium.NoSuchElementException: An element could not be located on the page using the given search parameters. (WARNING: The server did not provide any stacktrace information)
Command duration or timeout: 15.97 seconds
For documentation on this error, please visit: http://seleniumhq.org/exceptions/no_such_element.html
Build info: version: &apos;2.46.0&apos;, revision: &apos;61506a4624b13675f24581e453592342b7485d71&apos;, time: &apos;2015-06-04 10:22:50&apos;
System info: host: &apos;DESKTOP-08IDGDC&apos;, ip: &apos;192.168.215.2&apos;, os.name: &apos;Windows 10&apos;, os.arch: &apos;x86&apos;, os.version: &apos;10.0&apos;, java.version: &apos;1.8.0_144&apos;
Driver info: io.appium.java_client.android.AndroidDriver
Capabilities [{appPackage=com.sankuai.meituan, networkConnectionEnabled=true, noReset=true, warnings={}, databaseEnabled=false, deviceName=edaed87d, platform=LINUX, appActivity=com.meituan.android.pt.homepage.activity.MainActivity, desired={appPackage=com.sankuai.meituan, appActivity=com.meituan.android.pt.homepage.activity.MainActivity, noReset=true, platformVersion=6.0.1, unicodeKeyboard=true, platformName=Android, deviceName=edaed87d, resetKeyboard=true}, platformVersion=6.0.1, webStorageEnabled=false, locationContextEnabled=false, browserName=Android, takesScreenshot=true, javascriptEnabled=true, unicodeKeyboard=true, platformName=Android, resetKeyboard=true}]
Session ID: 5304cb1b-ecef-4b44-806b-b2b1f68f193a
*** Element info: {Using=id, value=com.sankuai.meituan:id/order_detail_title}
	at org.openqa.selenium.remote.ErrorHandler.createThrowable(ErrorHandler.java:204)
	at org.openqa.selenium.remote.ErrorHandler.throwIfResponseFailed(ErrorHandler.java:156)
	at org.openqa.selenium.remote.RemoteWebDriver.execute(RemoteWebDriver.java:605)
	at io.appium.java_client.DefaultGenericMobileDriver.execute(DefaultGenericMobileDriver.java:27)
	at io.appium.java_client.AppiumDriver.execute(AppiumDriver.java:1)
	at io.appium.java_client.android.AndroidDriver.execute(AndroidDriver.java:1)
	at org.openqa.selenium.remote.RemoteWebDriver.findElement(RemoteWebDriver.java:358)
	at org.openqa.selenium.remote.RemoteWebDriver.findElementById(RemoteWebDriver.java:399)
	at io.appium.java_client.DefaultGenericMobileDriver.findElementById(DefaultGenericMobileDriver.java:47)
	at io.appium.java_client.AppiumDriver.findElementById(AppiumDriver.java:1)
	at io.appium.java_client.android.AndroidDriver.findElementById(AndroidDriver.java:1)
	at org.openqa.selenium.By$ById.findElement(By.java:215)
	at org.openqa.selenium.remote.RemoteWebDriver.findElement(RemoteWebDriver.java:350)
	at io.appium.java_client.DefaultGenericMobileDriver.findElement(DefaultGenericMobileDriver.java:37)
	at io.appium.java_client.AppiumDriver.findElement(AppiumDriver.java:1)
	at io.appium.java_client.android.AndroidDriver.findElement(AndroidDriver.java:1)
	at com.meituan.Util.Action.gettext(Action.java:354)
	at com.meituan.HomePageTest.test019(HomePageTest.java:601)
	at com.sun.proxy.$Proxy0.invoke(Unknown Source)
... Removed 36 stack frames</pre></div><a href='#' onClick='toggleBox("stack-trace22043464", this, "Click to show all stack frames", "Click to hide stack frames")'>Click to show all stack frames</a>
<div class='stack-trace' id='stack-trace22043464'><pre>org.openqa.selenium.NoSuchElementException: An element could not be located on the page using the given search parameters. (WARNING: The server did not provide any stacktrace information)
Command duration or timeout: 15.97 seconds
For documentation on this error, please visit: http://seleniumhq.org/exceptions/no_such_element.html
Build info: version: &apos;2.46.0&apos;, revision: &apos;61506a4624b13675f24581e453592342b7485d71&apos;, time: &apos;2015-06-04 10:22:50&apos;
System info: host: &apos;DESKTOP-08IDGDC&apos;, ip: &apos;192.168.215.2&apos;, os.name: &apos;Windows 10&apos;, os.arch: &apos;x86&apos;, os.version: &apos;10.0&apos;, java.version: &apos;1.8.0_144&apos;
Driver info: io.appium.java_client.android.AndroidDriver
Capabilities [{appPackage=com.sankuai.meituan, networkConnectionEnabled=true, noReset=true, warnings={}, databaseEnabled=false, deviceName=edaed87d, platform=LINUX, appActivity=com.meituan.android.pt.homepage.activity.MainActivity, desired={appPackage=com.sankuai.meituan, appActivity=com.meituan.android.pt.homepage.activity.MainActivity, noReset=true, platformVersion=6.0.1, unicodeKeyboard=true, platformName=Android, deviceName=edaed87d, resetKeyboard=true}, platformVersion=6.0.1, webStorageEnabled=false, locationContextEnabled=false, browserName=Android, takesScreenshot=true, javascriptEnabled=true, unicodeKeyboard=true, platformName=Android, resetKeyboard=true}]
Session ID: 5304cb1b-ecef-4b44-806b-b2b1f68f193a
*** Element info: {Using=id, value=com.sankuai.meituan:id/order_detail_title}
	at sun.reflect.NativeConstructorAccessorImpl.newInstance0(Native Method)
	at sun.reflect.NativeConstructorAccessorImpl.newInstance(NativeConstructorAccessorImpl.java:62)
	at sun.reflect.DelegatingConstructorAccessorImpl.newInstance(DelegatingConstructorAccessorImpl.java:45)
	at java.lang.reflect.Constructor.newInstance(Constructor.java:423)
	at org.openqa.selenium.remote.ErrorHandler.createThrowable(ErrorHandler.java:204)
	at org.openqa.selenium.remote.ErrorHandler.throwIfResponseFailed(ErrorHandler.java:156)
	at org.openqa.selenium.remote.RemoteWebDriver.execute(RemoteWebDriver.java:605)
	at io.appium.java_client.DefaultGenericMobileDriver.execute(DefaultGenericMobileDriver.java:27)
	at io.appium.java_client.AppiumDriver.execute(AppiumDriver.java:1)
	at io.appium.java_client.android.AndroidDriver.execute(AndroidDriver.java:1)
	at org.openqa.selenium.remote.RemoteWebDriver.findElement(RemoteWebDriver.java:358)
	at org.openqa.selenium.remote.RemoteWebDriver.findElementById(RemoteWebDriver.java:399)
	at io.appium.java_client.DefaultGenericMobileDriver.findElementById(DefaultGenericMobileDriver.java:47)
	at io.appium.java_client.AppiumDriver.findElementById(AppiumDriver.java:1)
	at io.appium.java_client.android.AndroidDriver.findElementById(AndroidDriver.java:1)
	at org.openqa.selenium.By$ById.findElement(By.java:215)
	at org.openqa.selenium.remote.RemoteWebDriver.findElement(RemoteWebDriver.java:350)
	at io.appium.java_client.DefaultGenericMobileDriver.findElement(DefaultGenericMobileDriver.java:37)
	at io.appium.java_client.AppiumDriver.findElement(AppiumDriver.java:1)
	at io.appium.java_client.android.AndroidDriver.findElement(AndroidDriver.java:1)
	at com.meituan.Util.Action.gettext(Action.java:354)
	at com.meituan.HomePageTest.test019(HomePageTest.java:601)
	at sun.reflect.NativeMethodAccessorImpl.invoke0(Native Method)
	at sun.reflect.NativeMethodAccessorImpl.invoke(NativeMethodAccessorImpl.java:62)
	at sun.reflect.DelegatingMethodAccessorImpl.invoke(DelegatingMethodAccessorImpl.java:43)
	at java.lang.reflect.Method.invoke(Method.java:498)
	at org.testng.internal.MethodInvocationHelper.invokeMethod(MethodInvocationHelper.java:86)
	at org.testng.internal.Invoker.invokeMethod(Invoker.java:643)
	at org.testng.internal.Invoker.invokeTestMethod(Invoker.java:820)
	at org.testng.internal.Invoker.invokeTestMethods(Invoker.java:1128)
	at org.testng.internal.TestMethodWorker.invokeTestMethods(TestMethodWorker.java:129)
	at org.testng.internal.TestMethodWorker.run(TestMethodWorker.java:112)
	at org.testng.TestRunner.privateRun(TestRunner.java:782)
	at org.testng.TestRunner.run(TestRunner.java:632)
	at org.testng.SuiteRunner.runTest(SuiteRunner.java:366)
	at org.testng.SuiteRunner.runSequentially(SuiteRunner.java:361)
	at org.testng.SuiteRunner.privateRun(SuiteRunner.java:319)
	at org.testng.SuiteRunner.run(SuiteRunner.java:268)
	at org.testng.SuiteRunnerWorker.runSuite(SuiteRunnerWorker.java:52)
	at org.testng.SuiteRunnerWorker.run(SuiteRunnerWorker.java:86)
	at org.testng.TestNG.runSuitesSequentially(TestNG.java:1244)
	at org.testng.TestNG.runSuitesLocally(TestNG.java:1169)
	at org.testng.TestNG.run(TestNG.java:1064)
	at org.apache.maven.surefire.testng.TestNGExecutor.run(TestNGExecutor.java:74)
	at org.apache.maven.surefire.testng.TestNGXmlTestSuite.execute(TestNGXmlTestSuite.java:93)
	at org.apache.maven.surefire.testng.TestNGProvider.invoke(TestNGProvider.java:101)
	at sun.reflect.NativeMethodAccessorImpl.invoke0(Native Method)
	at sun.reflect.NativeMethodAccessorImpl.invoke(NativeMethodAccessorImpl.java:62)
	at sun.reflect.DelegatingMethodAccessorImpl.invoke(DelegatingMethodAccessorImpl.java:43)
	at java.lang.reflect.Method.invoke(Method.java:498)
	at org.apache.maven.surefire.booter.ProviderFactory$ClassLoaderProxy.invoke(ProviderFactory.java:103)
	at com.sun.proxy.$Proxy0.invoke(Unknown Source)
	at org.apache.maven.surefire.booter.SurefireStarter.invokeProvider(SurefireStarter.java:145)
	at org.apache.maven.surefire.booter.SurefireStarter.runSuitesInProcess(SurefireStarter.java:87)
	at org.apache.maven.surefire.booter.ForkedBooter.main(ForkedBooter.java:69)
</pre></div></td>
<td>75</td>
<td>com.meituan.HomePageTest@1ec2012</td></tr>
<tr>
<td title='com.meituan.HomePageTest.test020()'><b>test020</b><br>Test class: com.meituan.HomePageTest<br>Test method: 调起微信分享门店信息</td>
<td><div><pre>org.openqa.selenium.WebDriverException: An unknown server-side error occurred while processing the command. (WARNING: The server did not provide any stacktrace information)
Command duration or timeout: 20 milliseconds
Build info: version: &apos;2.46.0&apos;, revision: &apos;61506a4624b13675f24581e453592342b7485d71&apos;, time: &apos;2015-06-04 10:22:50&apos;
System info: host: &apos;DESKTOP-08IDGDC&apos;, ip: &apos;192.168.215.2&apos;, os.name: &apos;Windows 10&apos;, os.arch: &apos;x86&apos;, os.version: &apos;10.0&apos;, java.version: &apos;1.8.0_144&apos;
Driver info: io.appium.java_client.android.AndroidDriver
Capabilities [{appPackage=com.sankuai.meituan, networkConnectionEnabled=true, noReset=true, warnings={}, databaseEnabled=false, deviceName=edaed87d, platform=LINUX, appActivity=com.meituan.android.pt.homepage.activity.MainActivity, desired={appPackage=com.sankuai.meituan, appActivity=com.meituan.android.pt.homepage.activity.MainActivity, noReset=true, platformVersion=6.0.1, unicodeKeyboard=true, platformName=Android, deviceName=edaed87d, resetKeyboard=true}, platformVersion=6.0.1, webStorageEnabled=false, locationContextEnabled=false, browserName=Android, takesScreenshot=true, javascriptEnabled=true, unicodeKeyboard=true, platformName=Android, resetKeyboard=true}]
Session ID: fb95a71b-6ca2-4a09-81f7-e817d5b152cc
	at org.openqa.selenium.remote.ErrorHandler.createThrowable(ErrorHandler.java:204)
	at org.openqa.selenium.remote.ErrorHandler.throwIfResponseFailed(ErrorHandler.java:156)
	at org.openqa.selenium.remote.RemoteWebDriver.execute(RemoteWebDriver.java:605)
	at io.appium.java_client.DefaultGenericMobileDriver.execute(DefaultGenericMobileDriver.java:27)
	at io.appium.java_client.AppiumDriver.execute(AppiumDriver.java:1)
	at io.appium.java_client.android.AndroidDriver.execute(AndroidDriver.java:1)
	at io.appium.java_client.AppiumDriver.performTouchAction(AppiumDriver.java:380)
	at io.appium.java_client.TouchAction.perform(TouchAction.java:302)
	at io.appium.java_client.AppiumDriver.swipe(AppiumDriver.java:435)
	at com.meituan.Util.Action.Swipe(Action.java:177)
	at com.meituan.HomePageTest.test020(HomePageTest.java:622)
	at com.sun.proxy.$Proxy0.invoke(Unknown Source)
... Removed 36 stack frames</pre></div><a href='#' onClick='toggleBox("stack-trace27968647", this, "Click to show all stack frames", "Click to hide stack frames")'>Click to show all stack frames</a>
<div class='stack-trace' id='stack-trace27968647'><pre>org.openqa.selenium.WebDriverException: An unknown server-side error occurred while processing the command. (WARNING: The server did not provide any stacktrace information)
Command duration or timeout: 20 milliseconds
Build info: version: &apos;2.46.0&apos;, revision: &apos;61506a4624b13675f24581e453592342b7485d71&apos;, time: &apos;2015-06-04 10:22:50&apos;
System info: host: &apos;DESKTOP-08IDGDC&apos;, ip: &apos;192.168.215.2&apos;, os.name: &apos;Windows 10&apos;, os.arch: &apos;x86&apos;, os.version: &apos;10.0&apos;, java.version: &apos;1.8.0_144&apos;
Driver info: io.appium.java_client.android.AndroidDriver
Capabilities [{appPackage=com.sankuai.meituan, networkConnectionEnabled=true, noReset=true, warnings={}, databaseEnabled=false, deviceName=edaed87d, platform=LINUX, appActivity=com.meituan.android.pt.homepage.activity.MainActivity, desired={appPackage=com.sankuai.meituan, appActivity=com.meituan.android.pt.homepage.activity.MainActivity, noReset=true, platformVersion=6.0.1, unicodeKeyboard=true, platformName=Android, deviceName=edaed87d, resetKeyboard=true}, platformVersion=6.0.1, webStorageEnabled=false, locationContextEnabled=false, browserName=Android, takesScreenshot=true, javascriptEnabled=true, unicodeKeyboard=true, platformName=Android, resetKeyboard=true}]
Session ID: fb95a71b-6ca2-4a09-81f7-e817d5b152cc
	at sun.reflect.NativeConstructorAccessorImpl.newInstance0(Native Method)
	at sun.reflect.NativeConstructorAccessorImpl.newInstance(NativeConstructorAccessorImpl.java:62)
	at sun.reflect.DelegatingConstructorAccessorImpl.newInstance(DelegatingConstructorAccessorImpl.java:45)
	at java.lang.reflect.Constructor.newInstance(Constructor.java:423)
	at org.openqa.selenium.remote.ErrorHandler.createThrowable(ErrorHandler.java:204)
	at org.openqa.selenium.remote.ErrorHandler.throwIfResponseFailed(ErrorHandler.java:156)
	at org.openqa.selenium.remote.RemoteWebDriver.execute(RemoteWebDriver.java:605)
	at io.appium.java_client.DefaultGenericMobileDriver.execute(DefaultGenericMobileDriver.java:27)
	at io.appium.java_client.AppiumDriver.execute(AppiumDriver.java:1)
	at io.appium.java_client.android.AndroidDriver.execute(AndroidDriver.java:1)
	at io.appium.java_client.AppiumDriver.performTouchAction(AppiumDriver.java:380)
	at io.appium.java_client.TouchAction.perform(TouchAction.java:302)
	at io.appium.java_client.AppiumDriver.swipe(AppiumDriver.java:435)
	at com.meituan.Util.Action.Swipe(Action.java:177)
	at com.meituan.HomePageTest.test020(HomePageTest.java:622)
	at sun.reflect.NativeMethodAccessorImpl.invoke0(Native Method)
	at sun.reflect.NativeMethodAccessorImpl.invoke(NativeMethodAccessorImpl.java:62)
	at sun.reflect.DelegatingMethodAccessorImpl.invoke(DelegatingMethodAccessorImpl.java:43)
	at java.lang.reflect.Method.invoke(Method.java:498)
	at org.testng.internal.MethodInvocationHelper.invokeMethod(MethodInvocationHelper.java:86)
	at org.testng.internal.Invoker.invokeMethod(Invoker.java:643)
	at org.testng.internal.Invoker.invokeTestMethod(Invoker.java:820)
	at org.testng.internal.Invoker.invokeTestMethods(Invoker.java:1128)
	at org.testng.internal.TestMethodWorker.invokeTestMethods(TestMethodWorker.java:129)
	at org.testng.internal.TestMethodWorker.run(TestMethodWorker.java:112)
	at org.testng.TestRunner.privateRun(TestRunner.java:782)
	at org.testng.TestRunner.run(TestRunner.java:632)
	at org.testng.SuiteRunner.runTest(SuiteRunner.java:366)
	at org.testng.SuiteRunner.runSequentially(SuiteRunner.java:361)
	at org.testng.SuiteRunner.privateRun(SuiteRunner.java:319)
	at org.testng.SuiteRunner.run(SuiteRunner.java:268)
	at org.testng.SuiteRunnerWorker.runSuite(SuiteRunnerWorker.java:52)
	at org.testng.SuiteRunnerWorker.run(SuiteRunnerWorker.java:86)
	at org.testng.TestNG.runSuitesSequentially(TestNG.java:1244)
	at org.testng.TestNG.runSuitesLocally(TestNG.java:1169)
	at org.testng.TestNG.run(TestNG.java:1064)
	at org.apache.maven.surefire.testng.TestNGExecutor.run(TestNGExecutor.java:74)
	at org.apache.maven.surefire.testng.TestNGXmlTestSuite.execute(TestNGXmlTestSuite.java:93)
	at org.apache.maven.surefire.testng.TestNGProvider.invoke(TestNGProvider.java:101)
	at sun.reflect.NativeMethodAccessorImpl.invoke0(Native Method)
	at sun.reflect.NativeMethodAccessorImpl.invoke(NativeMethodAccessorImpl.java:62)
	at sun.reflect.DelegatingMethodAccessorImpl.invoke(DelegatingMethodAccessorImpl.java:43)
	at java.lang.reflect.Method.invoke(Method.java:498)
	at org.apache.maven.surefire.booter.ProviderFactory$ClassLoaderProxy.invoke(ProviderFactory.java:103)
	at com.sun.proxy.$Proxy0.invoke(Unknown Source)
	at org.apache.maven.surefire.booter.SurefireStarter.invokeProvider(SurefireStarter.java:145)
	at org.apache.maven.surefire.booter.SurefireStarter.runSuitesInProcess(SurefireStarter.java:87)
	at org.apache.maven.surefire.booter.ForkedBooter.main(ForkedBooter.java:69)
</pre></div></td>
<td>2</td>
<td>com.meituan.HomePageTest@1ec2012</td></tr>
<tr>
<td title='com.meituan.MeiShiPageTest.test022()'><b>test022</b><br>Test class: com.meituan.MeiShiPageTest<br>Test method: 点击人气榜进入人气榜页面，找到门店后点击回到门店详情页面<br>Parameters: 亮健容天土锅羊蝎子（安贞店）</td>
<td><div><pre>java.lang.AssertionError: expected [true] but found [false]
	at com.meituan.MeiShiPageTest.test022(MeiShiPageTest.java:80)
	at com.sun.proxy.$Proxy0.invoke(Unknown Source)
... Removed 36 stack frames</pre></div><a href='#' onClick='toggleBox("stack-trace14039178", this, "Click to show all stack frames", "Click to hide stack frames")'>Click to show all stack frames</a>
<div class='stack-trace' id='stack-trace14039178'><pre>java.lang.AssertionError: expected [true] but found [false]
	at org.testng.Assert.fail(Assert.java:94)
	at org.testng.Assert.failNotEquals(Assert.java:513)
	at org.testng.Assert.assertTrue(Assert.java:42)
	at org.testng.Assert.assertTrue(Assert.java:52)
	at com.meituan.MeiShiPageTest.test022(MeiShiPageTest.java:80)
	at sun.reflect.NativeMethodAccessorImpl.invoke0(Native Method)
	at sun.reflect.NativeMethodAccessorImpl.invoke(NativeMethodAccessorImpl.java:62)
	at sun.reflect.DelegatingMethodAccessorImpl.invoke(DelegatingMethodAccessorImpl.java:43)
	at java.lang.reflect.Method.invoke(Method.java:498)
	at org.testng.internal.MethodInvocationHelper.invokeMethod(MethodInvocationHelper.java:86)
	at org.testng.internal.Invoker.invokeMethod(Invoker.java:643)
	at org.testng.internal.Invoker.invokeTestMethod(Invoker.java:820)
	at org.testng.internal.Invoker.invokeTestMethods(Invoker.java:1128)
	at org.testng.internal.TestMethodWorker.invokeTestMethods(TestMethodWorker.java:129)
	at org.testng.internal.TestMethodWorker.run(TestMethodWorker.java:112)
	at org.testng.TestRunner.privateRun(TestRunner.java:782)
	at org.testng.TestRunner.run(TestRunner.java:632)
	at org.testng.SuiteRunner.runTest(SuiteRunner.java:366)
	at org.testng.SuiteRunner.runSequentially(SuiteRunner.java:361)
	at org.testng.SuiteRunner.privateRun(SuiteRunner.java:319)
	at org.testng.SuiteRunner.run(SuiteRunner.java:268)
	at org.testng.SuiteRunnerWorker.runSuite(SuiteRunnerWorker.java:52)
	at org.testng.SuiteRunnerWorker.run(SuiteRunnerWorker.java:86)
	at org.testng.TestNG.runSuitesSequentially(TestNG.java:1244)
	at org.testng.TestNG.runSuitesLocally(TestNG.java:1169)
	at org.testng.TestNG.run(TestNG.java:1064)
	at org.apache.maven.surefire.testng.TestNGExecutor.run(TestNGExecutor.java:74)
	at org.apache.maven.surefire.testng.TestNGXmlTestSuite.execute(TestNGXmlTestSuite.java:93)
	at org.apache.maven.surefire.testng.TestNGProvider.invoke(TestNGProvider.java:101)
	at sun.reflect.NativeMethodAccessorImpl.invoke0(Native Method)
	at sun.reflect.NativeMethodAccessorImpl.invoke(NativeMethodAccessorImpl.java:62)
	at sun.reflect.DelegatingMethodAccessorImpl.invoke(DelegatingMethodAccessorImpl.java:43)
	at java.lang.reflect.Method.invoke(Method.java:498)
	at org.apache.maven.surefire.booter.ProviderFactory$ClassLoaderProxy.invoke(ProviderFactory.java:103)
	at com.sun.proxy.$Proxy0.invoke(Unknown Source)
	at org.apache.maven.surefire.booter.SurefireStarter.invokeProvider(SurefireStarter.java:145)
	at org.apache.maven.surefire.booter.SurefireStarter.runSuitesInProcess(SurefireStarter.java:87)
	at org.apache.maven.surefire.booter.ForkedBooter.main(ForkedBooter.java:69)
</pre></div></td>
<td>63</td>
<td>com.meituan.MeiShiPageTest@f777e8</td></tr>
<tr>
<td title='com.meituan.MeiShiPageTest.test034()'><b>test034</b><br>Test class: com.meituan.MeiShiPageTest<br>Test method: 进入提交订单页面，计算金额<br>Parameters: 老街时光牛肉汤&凉皮（第十四档口-顺诚美食城店）</td>
<td><div><pre>java.lang.NumberFormatException: For input string: &quot;去结算&quot;
	at sun.misc.FloatingDecimal.readJavaFormatString(FloatingDecimal.java:2043)
	at sun.misc.FloatingDecimal.parseDouble(FloatingDecimal.java:110)
	at java.lang.Double.parseDouble(Double.java:538)
	at com.meituan.MeiShiPageTest.test034(MeiShiPageTest.java:988)
	at com.sun.proxy.$Proxy0.invoke(Unknown Source)
... Removed 32 stack frames</pre></div><a href='#' onClick='toggleBox("stack-trace1314233", this, "Click to show all stack frames", "Click to hide stack frames")'>Click to show all stack frames</a>
<div class='stack-trace' id='stack-trace1314233'><pre>java.lang.NumberFormatException: For input string: &quot;去结算&quot;
	at sun.misc.FloatingDecimal.readJavaFormatString(FloatingDecimal.java:2043)
	at sun.misc.FloatingDecimal.parseDouble(FloatingDecimal.java:110)
	at java.lang.Double.parseDouble(Double.java:538)
	at com.meituan.MeiShiPageTest.test034(MeiShiPageTest.java:988)
	at sun.reflect.NativeMethodAccessorImpl.invoke0(Native Method)
	at sun.reflect.NativeMethodAccessorImpl.invoke(NativeMethodAccessorImpl.java:62)
	at sun.reflect.DelegatingMethodAccessorImpl.invoke(DelegatingMethodAccessorImpl.java:43)
	at java.lang.reflect.Method.invoke(Method.java:498)
	at org.testng.internal.MethodInvocationHelper.invokeMethod(MethodInvocationHelper.java:86)
	at org.testng.internal.Invoker.invokeMethod(Invoker.java:643)
	at org.testng.internal.Invoker.invokeTestMethod(Invoker.java:820)
	at org.testng.internal.Invoker.invokeTestMethods(Invoker.java:1128)
	at org.testng.internal.TestMethodWorker.invokeTestMethods(TestMethodWorker.java:129)
	at org.testng.internal.TestMethodWorker.run(TestMethodWorker.java:112)
	at org.testng.TestRunner.privateRun(TestRunner.java:782)
	at org.testng.TestRunner.run(TestRunner.java:632)
	at org.testng.SuiteRunner.runTest(SuiteRunner.java:366)
	at org.testng.SuiteRunner.runSequentially(SuiteRunner.java:361)
	at org.testng.SuiteRunner.privateRun(SuiteRunner.java:319)
	at org.testng.SuiteRunner.run(SuiteRunner.java:268)
	at org.testng.SuiteRunnerWorker.runSuite(SuiteRunnerWorker.java:52)
	at org.testng.SuiteRunnerWorker.run(SuiteRunnerWorker.java:86)
	at org.testng.TestNG.runSuitesSequentially(TestNG.java:1244)
	at org.testng.TestNG.runSuitesLocally(TestNG.java:1169)
	at org.testng.TestNG.run(TestNG.java:1064)
	at org.apache.maven.surefire.testng.TestNGExecutor.run(TestNGExecutor.java:74)
	at org.apache.maven.surefire.testng.TestNGXmlTestSuite.execute(TestNGXmlTestSuite.java:93)
	at org.apache.maven.surefire.testng.TestNGProvider.invoke(TestNGProvider.java:101)
	at sun.reflect.NativeMethodAccessorImpl.invoke0(Native Method)
	at sun.reflect.NativeMethodAccessorImpl.invoke(NativeMethodAccessorImpl.java:62)
	at sun.reflect.DelegatingMethodAccessorImpl.invoke(DelegatingMethodAccessorImpl.java:43)
	at java.lang.reflect.Method.invoke(Method.java:498)
	at org.apache.maven.surefire.booter.ProviderFactory$ClassLoaderProxy.invoke(ProviderFactory.java:103)
	at com.sun.proxy.$Proxy0.invoke(Unknown Source)
	at org.apache.maven.surefire.booter.SurefireStarter.invokeProvider(SurefireStarter.java:145)
	at org.apache.maven.surefire.booter.SurefireStarter.runSuitesInProcess(SurefireStarter.java:87)
	at org.apache.maven.surefire.booter.ForkedBooter.main(ForkedBooter.java:69)
</pre></div></td>
<td>89</td>
<td>com.meituan.MeiShiPageTest@f777e8</td></tr>
<tr>
<td title='com.meituan.MeiShiPageTest.test034()'><b>test034</b><br>Test class: com.meituan.MeiShiPageTest<br>Test method: 进入提交订单页面，计算金额<br>Parameters: 麦特派炸鸡汉堡（国展宾馆店）</td>
<td><div><pre>java.lang.NumberFormatException: For input string: &quot;去结算&quot;
	at sun.misc.FloatingDecimal.readJavaFormatString(FloatingDecimal.java:2043)
	at sun.misc.FloatingDecimal.parseDouble(FloatingDecimal.java:110)
	at java.lang.Double.parseDouble(Double.java:538)
	at com.meituan.MeiShiPageTest.test034(MeiShiPageTest.java:988)
	at com.sun.proxy.$Proxy0.invoke(Unknown Source)
... Removed 32 stack frames</pre></div><a href='#' onClick='toggleBox("stack-trace27346892", this, "Click to show all stack frames", "Click to hide stack frames")'>Click to show all stack frames</a>
<div class='stack-trace' id='stack-trace27346892'><pre>java.lang.NumberFormatException: For input string: &quot;去结算&quot;
	at sun.misc.FloatingDecimal.readJavaFormatString(FloatingDecimal.java:2043)
	at sun.misc.FloatingDecimal.parseDouble(FloatingDecimal.java:110)
	at java.lang.Double.parseDouble(Double.java:538)
	at com.meituan.MeiShiPageTest.test034(MeiShiPageTest.java:988)
	at sun.reflect.NativeMethodAccessorImpl.invoke0(Native Method)
	at sun.reflect.NativeMethodAccessorImpl.invoke(NativeMethodAccessorImpl.java:62)
	at sun.reflect.DelegatingMethodAccessorImpl.invoke(DelegatingMethodAccessorImpl.java:43)
	at java.lang.reflect.Method.invoke(Method.java:498)
	at org.testng.internal.MethodInvocationHelper.invokeMethod(MethodInvocationHelper.java:86)
	at org.testng.internal.Invoker.invokeMethod(Invoker.java:643)
	at org.testng.internal.Invoker.invokeTestMethod(Invoker.java:820)
	at org.testng.internal.Invoker.invokeTestMethods(Invoker.java:1128)
	at org.testng.internal.TestMethodWorker.invokeTestMethods(TestMethodWorker.java:129)
	at org.testng.internal.TestMethodWorker.run(TestMethodWorker.java:112)
	at org.testng.TestRunner.privateRun(TestRunner.java:782)
	at org.testng.TestRunner.run(TestRunner.java:632)
	at org.testng.SuiteRunner.runTest(SuiteRunner.java:366)
	at org.testng.SuiteRunner.runSequentially(SuiteRunner.java:361)
	at org.testng.SuiteRunner.privateRun(SuiteRunner.java:319)
	at org.testng.SuiteRunner.run(SuiteRunner.java:268)
	at org.testng.SuiteRunnerWorker.runSuite(SuiteRunnerWorker.java:52)
	at org.testng.SuiteRunnerWorker.run(SuiteRunnerWorker.java:86)
	at org.testng.TestNG.runSuitesSequentially(TestNG.java:1244)
	at org.testng.TestNG.runSuitesLocally(TestNG.java:1169)
	at org.testng.TestNG.run(TestNG.java:1064)
	at org.apache.maven.surefire.testng.TestNGExecutor.run(TestNGExecutor.java:74)
	at org.apache.maven.surefire.testng.TestNGXmlTestSuite.execute(TestNGXmlTestSuite.java:93)
	at org.apache.maven.surefire.testng.TestNGProvider.invoke(TestNGProvider.java:101)
	at sun.reflect.NativeMethodAccessorImpl.invoke0(Native Method)
	at sun.reflect.NativeMethodAccessorImpl.invoke(NativeMethodAccessorImpl.java:62)
	at sun.reflect.DelegatingMethodAccessorImpl.invoke(DelegatingMethodAccessorImpl.java:43)
	at java.lang.reflect.Method.invoke(Method.java:498)
	at org.apache.maven.surefire.booter.ProviderFactory$ClassLoaderProxy.invoke(ProviderFactory.java:103)
	at com.sun.proxy.$Proxy0.invoke(Unknown Source)
	at org.apache.maven.surefire.booter.SurefireStarter.invokeProvider(SurefireStarter.java:145)
	at org.apache.maven.surefire.booter.SurefireStarter.runSuitesInProcess(SurefireStarter.java:87)
	at org.apache.maven.surefire.booter.ForkedBooter.main(ForkedBooter.java:69)
</pre></div></td>
<td>76</td>
<td>com.meituan.MeiShiPageTest@f777e8</td></tr>
<tr>
<td title='com.meituan.MeiShiPageTest.test034()'><b>test034</b><br>Test class: com.meituan.MeiShiPageTest<br>Test method: 进入提交订单页面，计算金额<br>Parameters: 35秒烤肉拌饭（第4档口火赢美食城店）</td>
<td><div><pre>java.lang.NumberFormatException: For input string: &quot;去结算&quot;
	at sun.misc.FloatingDecimal.readJavaFormatString(FloatingDecimal.java:2043)
	at sun.misc.FloatingDecimal.parseDouble(FloatingDecimal.java:110)
	at java.lang.Double.parseDouble(Double.java:538)
	at com.meituan.MeiShiPageTest.test034(MeiShiPageTest.java:988)
	at com.sun.proxy.$Proxy0.invoke(Unknown Source)
... Removed 32 stack frames</pre></div><a href='#' onClick='toggleBox("stack-trace31234719", this, "Click to show all stack frames", "Click to hide stack frames")'>Click to show all stack frames</a>
<div class='stack-trace' id='stack-trace31234719'><pre>java.lang.NumberFormatException: For input string: &quot;去结算&quot;
	at sun.misc.FloatingDecimal.readJavaFormatString(FloatingDecimal.java:2043)
	at sun.misc.FloatingDecimal.parseDouble(FloatingDecimal.java:110)
	at java.lang.Double.parseDouble(Double.java:538)
	at com.meituan.MeiShiPageTest.test034(MeiShiPageTest.java:988)
	at sun.reflect.NativeMethodAccessorImpl.invoke0(Native Method)
	at sun.reflect.NativeMethodAccessorImpl.invoke(NativeMethodAccessorImpl.java:62)
	at sun.reflect.DelegatingMethodAccessorImpl.invoke(DelegatingMethodAccessorImpl.java:43)
	at java.lang.reflect.Method.invoke(Method.java:498)
	at org.testng.internal.MethodInvocationHelper.invokeMethod(MethodInvocationHelper.java:86)
	at org.testng.internal.Invoker.invokeMethod(Invoker.java:643)
	at org.testng.internal.Invoker.invokeTestMethod(Invoker.java:820)
	at org.testng.internal.Invoker.invokeTestMethods(Invoker.java:1128)
	at org.testng.internal.TestMethodWorker.invokeTestMethods(TestMethodWorker.java:129)
	at org.testng.internal.TestMethodWorker.run(TestMethodWorker.java:112)
	at org.testng.TestRunner.privateRun(TestRunner.java:782)
	at org.testng.TestRunner.run(TestRunner.java:632)
	at org.testng.SuiteRunner.runTest(SuiteRunner.java:366)
	at org.testng.SuiteRunner.runSequentially(SuiteRunner.java:361)
	at org.testng.SuiteRunner.privateRun(SuiteRunner.java:319)
	at org.testng.SuiteRunner.run(SuiteRunner.java:268)
	at org.testng.SuiteRunnerWorker.runSuite(SuiteRunnerWorker.java:52)
	at org.testng.SuiteRunnerWorker.run(SuiteRunnerWorker.java:86)
	at org.testng.TestNG.runSuitesSequentially(TestNG.java:1244)
	at org.testng.TestNG.runSuitesLocally(TestNG.java:1169)
	at org.testng.TestNG.run(TestNG.java:1064)
	at org.apache.maven.surefire.testng.TestNGExecutor.run(TestNGExecutor.java:74)
	at org.apache.maven.surefire.testng.TestNGXmlTestSuite.execute(TestNGXmlTestSuite.java:93)
	at org.apache.maven.surefire.testng.TestNGProvider.invoke(TestNGProvider.java:101)
	at sun.reflect.NativeMethodAccessorImpl.invoke0(Native Method)
	at sun.reflect.NativeMethodAccessorImpl.invoke(NativeMethodAccessorImpl.java:62)
	at sun.reflect.DelegatingMethodAccessorImpl.invoke(DelegatingMethodAccessorImpl.java:43)
	at java.lang.reflect.Method.invoke(Method.java:498)
	at org.apache.maven.surefire.booter.ProviderFactory$ClassLoaderProxy.invoke(ProviderFactory.java:103)
	at com.sun.proxy.$Proxy0.invoke(Unknown Source)
	at org.apache.maven.surefire.booter.SurefireStarter.invokeProvider(SurefireStarter.java:145)
	at org.apache.maven.surefire.booter.SurefireStarter.runSuitesInProcess(SurefireStarter.java:87)
	at org.apache.maven.surefire.booter.ForkedBooter.main(ForkedBooter.java:69)
</pre></div></td>
<td>101</td>
<td>com.meituan.MeiShiPageTest@f777e8</td></tr>
</table><p>
<table width='100%' border='1' class='invocation-passed'>
<tr><td colspan='4' align='center'><b>PASSED TESTS</b></td></tr>
<tr><td><b>Test method</b></td>
<td width="30%"><b>Exception</b></td>
<td width="10%"><b>Time (seconds)</b></td>
<td><b>Instance</b></td>
</tr>
<tr>
<td title='com.meituan.HomePageTest.test001()'><b>test001</b><br>Test class: com.meituan.HomePageTest<br>Test method: 切换城市--选择热门城市</td>
<td></td>
<td>26</td>
<td>com.meituan.HomePageTest@1ec2012</td></tr>
<tr>
<td title='com.meituan.HomePageTest.test002()'><b>test002</b><br>Test class: com.meituan.HomePageTest<br>Test method: 切换城市--切换县区</td>
<td></td>
<td>34</td>
<td>com.meituan.HomePageTest@1ec2012</td></tr>
<tr>
<td title='com.meituan.HomePageTest.test003()'><b>test003</b><br>Test class: com.meituan.HomePageTest<br>Test method: 切换城市--选择指定城市</td>
<td></td>
<td>26</td>
<td>com.meituan.HomePageTest@1ec2012</td></tr>
<tr>
<td title='com.meituan.HomePageTest.test004()'><b>test004</b><br>Test class: com.meituan.HomePageTest<br>Test method: 切换城市--搜索指定城市<br>Parameters: 北京</td>
<td></td>
<td>45</td>
<td>com.meituan.HomePageTest@1ec2012</td></tr>
<tr>
<td title='com.meituan.HomePageTest.test005()'><b>test005</b><br>Test class: com.meituan.HomePageTest<br>Test method: 切换城市--返回首页</td>
<td></td>
<td>8</td>
<td>com.meituan.HomePageTest@1ec2012</td></tr>
<tr>
<td title='com.meituan.HomePageTest.test006()'><b>test006</b><br>Test class: com.meituan.HomePageTest<br>Test method: 切换城市--选择国际/港澳台城市</td>
<td></td>
<td>44</td>
<td>com.meituan.HomePageTest@1ec2012</td></tr>
<tr>
<td title='com.meituan.HomePageTest.test007()'><b>test007</b><br>Test class: com.meituan.HomePageTest<br>Test method: 输入搜索内容搜索<br>Parameters: 果多美</td>
<td></td>
<td>82</td>
<td>com.meituan.HomePageTest@1ec2012</td></tr>
<tr>
<td title='com.meituan.HomePageTest.test008()'><b>test008</b><br>Test class: com.meituan.HomePageTest<br>Test method: 根据城市、省份搜索<br>Parameters: 上海</td>
<td></td>
<td>65</td>
<td>com.meituan.HomePageTest@1ec2012</td></tr>
<tr>
<td title='com.meituan.HomePageTest.test009()'><b>test009</b><br>Test class: com.meituan.HomePageTest<br>Test method: 根据地址搜索</td>
<td></td>
<td>40</td>
<td>com.meituan.HomePageTest@1ec2012</td></tr>
<tr>
<td title='com.meituan.HomePageTest.test010()'><b>test010</b><br>Test class: com.meituan.HomePageTest<br>Test method: 选择热门搜索（历史记录）内容搜索</td>
<td></td>
<td>35</td>
<td>com.meituan.HomePageTest@1ec2012</td></tr>
<tr>
<td title='com.meituan.HomePageTest.test011()'><b>test011</b><br>Test class: com.meituan.HomePageTest<br>Test method: banner滑动后点击<br/>
<a href="#Output-33167201" onClick='toggleBox("Output-33167201", this, "Show output", "Hide output");'>Show output</a>

<a href="#Output-33167201" onClick="toggleAllBoxes();">Show all outputs</a>
<div class='log' id="Output-33167201">
没有banner<br/>
</div>
</td>
<td></td>
<td>15</td>
<td>com.meituan.HomePageTest@1ec2012</td></tr>
<tr>
<td title='com.meituan.HomePageTest.test012()'><b>test012</b><br>Test class: com.meituan.HomePageTest<br>Test method: 点击每一个服务球并返回</td>
<td></td>
<td>150</td>
<td>com.meituan.HomePageTest@1ec2012</td></tr>
<tr>
<td title='com.meituan.HomePageTest.test015()'><b>test015</b><br>Test class: com.meituan.HomePageTest<br>Test method: 查看待使用订单，判断暂无订单</td>
<td></td>
<td>38</td>
<td>com.meituan.HomePageTest@1ec2012</td></tr>
<tr>
<td title='com.meituan.HomePageTest.test016()'><b>test016</b><br>Test class: com.meituan.HomePageTest<br>Test method: 查看待评价订单,判断有订单去参与评价</td>
<td></td>
<td>32</td>
<td>com.meituan.HomePageTest@1ec2012</td></tr>
<tr>
<td title='com.meituan.HomePageTest.test017()'><b>test017</b><br>Test class: com.meituan.HomePageTest<br>Test method: 查看退款、售后订单</td>
<td></td>
<td>54</td>
<td>com.meituan.HomePageTest@1ec2012</td></tr>
<tr>
<td title='com.meituan.HomePageTest.test018()'><b>test018</b><br>Test class: com.meituan.HomePageTest<br>Test method: 点击退款进度进入退款进度页面</td>
<td></td>
<td>60</td>
<td>com.meituan.HomePageTest@1ec2012</td></tr>
<tr>
<td title='com.meituan.MeiShiPageTest.test021()'><b>test021</b><br>Test class: com.meituan.MeiShiPageTest<br>Test method: 进入门店详情页面，查看门店名称</td>
<td></td>
<td>53</td>
<td>com.meituan.MeiShiPageTest@f777e8</td></tr>
<tr>
<td title='com.meituan.MeiShiPageTest.test023()'><b>test023</b><br>Test class: com.meituan.MeiShiPageTest<br>Test method: 尝试打电话操作<br>Parameters: 亮健容天土锅羊蝎子（安贞店）</td>
<td></td>
<td>82</td>
<td>com.meituan.MeiShiPageTest@f777e8</td></tr>
<tr>
<td title='com.meituan.MeiShiPageTest.test024()'><b>test024</b><br>Test class: com.meituan.MeiShiPageTest<br>Test method: 如果有买单进入买单页面，输入支付金额、显示优惠金额<br>Parameters: 亮健容天土锅羊蝎子（安贞店）<br/>
<a href="#Output-3762154" onClick='toggleBox("Output-3762154", this, "Show output", "Hide output");'>Show output</a>

<a href="#Output-3762154" onClick="toggleAllBoxes();">Show all outputs</a>
<div class='log' id="Output-3762154">
优惠金额计算正确<br/>
实际支付金额计算正确<br/>
按钮中显示的实际支付金额正确<br/>
</div>
</td>
<td></td>
<td>140</td>
<td>com.meituan.MeiShiPageTest@f777e8</td></tr>
<tr>
<td title='com.meituan.MeiShiPageTest.test025()'><b>test025</b><br>Test class: com.meituan.MeiShiPageTest<br>Test method: 如果有买单进入买单页面，输入支付金额、勾选输入不参与优惠金额、优惠金额显示有变化，预期结果不变化<br>Parameters: 亮健容天土锅羊蝎子（安贞店）<br/>
<a href="#Output-6979925" onClick='toggleBox("Output-6979925", this, "Show output", "Hide output");'>Show output</a>

<a href="#Output-6979925" onClick="toggleAllBoxes();">Show all outputs</a>
<div class='log' id="Output-6979925">
优惠金额计算正确<br/>
实际支付金额计算正确<br/>
按钮中显示的实际支付金额正确<br/>
</div>
</td>
<td></td>
<td>174</td>
<td>com.meituan.MeiShiPageTest@f777e8</td></tr>
<tr>
<td title='com.meituan.MeiShiPageTest.test026()'><b>test026</b><br>Test class: com.meituan.MeiShiPageTest<br>Test method: 如果有买单进入买单页面，勾选掉优惠金额，判断实付金额<br>Parameters: 亮健容天土锅羊蝎子（安贞店）<br/>
<a href="#Output-23338297" onClick='toggleBox("Output-23338297", this, "Show output", "Hide output");'>Show output</a>

<a href="#Output-23338297" onClick="toggleAllBoxes();">Show all outputs</a>
<div class='log' id="Output-23338297">
实际支付金额计算正确<br/>
按钮中显示的实际支付金额正确<br/>
</div>
</td>
<td></td>
<td>143</td>
<td>com.meituan.MeiShiPageTest@f777e8</td></tr>
<tr>
<td title='com.meituan.MeiShiPageTest.test027()'><b>test027</b><br>Test class: com.meituan.MeiShiPageTest<br>Test method: 如果有抢购进入抢购页面<br>Parameters: 亮健容天土锅羊蝎子（安贞店）<br/>
<a href="#Output-7811644" onClick='toggleBox("Output-7811644", this, "Show output", "Hide output");'>Show output</a>

<a href="#Output-7811644" onClick="toggleAllBoxes();">Show all outputs</a>
<div class='log' id="Output-7811644">
抢购支付页面测试成功<br/>
</div>
</td>
<td></td>
<td>91</td>
<td>com.meituan.MeiShiPageTest@f777e8</td></tr>
<tr>
<td title='com.meituan.MeiShiPageTest.test028()'><b>test028</b><br>Test class: com.meituan.MeiShiPageTest<br>Test method: 如果有抢购进入抢购页面，点击代金券区域，进入选择代金券页面<br>Parameters: 亮健容天土锅羊蝎子（安贞店）<br/>
<a href="#Output-10248577" onClick='toggleBox("Output-10248577", this, "Show output", "Hide output");'>Show output</a>

<a href="#Output-10248577" onClick="toggleAllBoxes();">Show all outputs</a>
<div class='log' id="Output-10248577">
抢购支付页面测试成功<br/>
</div>
</td>
<td></td>
<td>137</td>
<td>com.meituan.MeiShiPageTest@f777e8</td></tr>
<tr>
<td title='com.meituan.MeiShiPageTest.test029()'><b>test029</b><br>Test class: com.meituan.MeiShiPageTest<br>Test method: 如果有到店吃套餐，点击抢购，滑动套餐名称<br>Parameters: 汉堡王（安贞环贸店）<br/>
<a href="#Output-13558417" onClick='toggleBox("Output-13558417", this, "Show output", "Hide output");'>Show output</a>

<a href="#Output-13558417" onClick="toggleAllBoxes();">Show all outputs</a>
<div class='log' id="Output-13558417">
有到店吃套餐抢购按钮<br/>
</div>
</td>
<td></td>
<td>150</td>
<td>com.meituan.MeiShiPageTest@f777e8</td></tr>
<tr>
<td title='com.meituan.MeiShiPageTest.test030()'><b>test030</b><br>Test class: com.meituan.MeiShiPageTest<br>Test method: 如果有到店吃套餐，点击抢购，选择套餐名称进入支付抢购页面<br>Parameters: 汉堡王（安贞环贸店）<br/>
<a href="#Output-27306621" onClick='toggleBox("Output-27306621", this, "Show output", "Hide output");'>Show output</a>

<a href="#Output-27306621" onClick="toggleAllBoxes();">Show all outputs</a>
<div class='log' id="Output-27306621">
有到店吃套餐抢购按钮<br/>
抢购支付页面测试成功<br/>
</div>
</td>
<td></td>
<td>149</td>
<td>com.meituan.MeiShiPageTest@f777e8</td></tr>
<tr>
<td title='com.meituan.MeiShiPageTest.test031()'><b>test031</b><br>Test class: com.meituan.MeiShiPageTest<br>Test method: 查看用户评论，点击评论内容先进入评论列表页面，再点击评论内容进入评论详情页面，比对用户昵称和评论内容，最后再返回到用户评论首页<br>Parameters: 汉堡王（安贞环贸店）</td>
<td></td>
<td>128</td>
<td>com.meituan.MeiShiPageTest@f777e8</td></tr>
<tr>
<td title='com.meituan.MeiShiPageTest.test034()'><b>test034</b><br>Test class: com.meituan.MeiShiPageTest<br>Test method: 进入提交订单页面，计算金额<br>Parameters: 太太好粥（第B4档口-云加厨房美食城店）</td>
<td></td>
<td>159</td>
<td>com.meituan.MeiShiPageTest@f777e8</td></tr>
</table><p>
</body>
</html>