<?xml version="1.0" encoding="UTF-8"?>
<testng-results skipped="0" failed="7" total="34" passed="27">
  <reporter-output>
    <line>
      <![CDATA[没有banner]]>
    </line>
    <line>
      <![CDATA[优惠金额计算正确]]>
    </line>
    <line>
      <![CDATA[实际支付金额计算正确]]>
    </line>
    <line>
      <![CDATA[按钮中显示的实际支付金额正确]]>
    </line>
    <line>
      <![CDATA[优惠金额计算正确]]>
    </line>
    <line>
      <![CDATA[实际支付金额计算正确]]>
    </line>
    <line>
      <![CDATA[按钮中显示的实际支付金额正确]]>
    </line>
    <line>
      <![CDATA[实际支付金额计算正确]]>
    </line>
    <line>
      <![CDATA[按钮中显示的实际支付金额正确]]>
    </line>
    <line>
      <![CDATA[抢购支付页面测试成功]]>
    </line>
    <line>
      <![CDATA[抢购支付页面测试成功]]>
    </line>
    <line>
      <![CDATA[有到店吃套餐抢购按钮]]>
    </line>
    <line>
      <![CDATA[有到店吃套餐抢购按钮]]>
    </line>
    <line>
      <![CDATA[抢购支付页面测试成功]]>
    </line>
  </reporter-output>
  <suite name="执行移动端美团测试用例" duration-ms="2867702" started-at="2019-04-16T09:27:28Z" finished-at="2019-04-16T10:15:16Z">
    <groups>
    </groups>
    <test name="执行移动端美团测试用例" duration-ms="2867702" started-at="2019-04-16T09:27:28Z" finished-at="2019-04-16T10:15:16Z">
      <class name="com.meituan.MeiShiPageTest">
        <test-method status="PASS" signature="AndroidSettings()[pri:0, instance:com.meituan.MeiShiPageTest@f777e8]" name="AndroidSettings" is-config="true" duration-ms="6606" started-at="2019-04-16T17:44:28Z" finished-at="2019-04-16T17:44:35Z">
          <reporter-output>
          </reporter-output>
        </test-method> <!-- AndroidSettings -->
        <test-method status="PASS" signature="test021()[pri:0, instance:com.meituan.MeiShiPageTest@f777e8]" name="test021" duration-ms="53235" started-at="2019-04-16T17:44:35Z" description="进入门店详情页面，查看门店名称" finished-at="2019-04-16T17:45:28Z">
          <reporter-output>
          </reporter-output>
        </test-method> <!-- test021 -->
        <test-method status="PASS" signature="teardown()[pri:0, instance:com.meituan.MeiShiPageTest@f777e8]" name="teardown" is-config="true" duration-ms="1697" started-at="2019-04-16T17:45:28Z" finished-at="2019-04-16T17:45:30Z">
          <reporter-output>
          </reporter-output>
        </test-method> <!-- teardown -->
        <test-method status="PASS" signature="AndroidSettings()[pri:0, instance:com.meituan.MeiShiPageTest@f777e8]" name="AndroidSettings" is-config="true" duration-ms="5282" started-at="2019-04-16T17:45:30Z" finished-at="2019-04-16T17:45:35Z">
          <reporter-output>
          </reporter-output>
        </test-method> <!-- AndroidSettings -->
        <test-method status="FAIL" signature="test022(java.lang.String)[pri:0, instance:com.meituan.MeiShiPageTest@f777e8]" name="test022" duration-ms="63006" started-at="2019-04-16T17:45:35Z" description="点击人气榜进入人气榜页面，找到门店后点击回到门店详情页面" data-provider="getdata" finished-at="2019-04-16T17:46:38Z">
          <params>
            <param index="0">
              <value>
                <![CDATA[亮健容天土锅羊蝎子（安贞店）]]>
              </value>
            </param>
          </params>
          <exception class="java.lang.AssertionError">
            <message>
              <![CDATA[expected [true] but found [false]]]>
            </message>
            <full-stacktrace>
              <![CDATA[java.lang.AssertionError: expected [true] but found [false]
	at org.testng.Assert.fail(Assert.java:94)
	at org.testng.Assert.failNotEquals(Assert.java:513)
	at org.testng.Assert.assertTrue(Assert.java:42)
	at org.testng.Assert.assertTrue(Assert.java:52)
	at com.meituan.MeiShiPageTest.test022(MeiShiPageTest.java:80)
	at sun.reflect.NativeMethodAccessorImpl.invoke0(Native Method)
	at sun.reflect.NativeMethodAccessorImpl.invoke(NativeMethodAccessorImpl.java:62)
	at sun.reflect.DelegatingMethodAccessorImpl.invoke(DelegatingMethodAccessorImpl.java:43)
	at java.lang.reflect.Method.invoke(Method.java:498)
	at org.testng.internal.MethodInvocationHelper.invokeMethod(MethodInvocationHelper.java:86)
	at org.testng.internal.Invoker.invokeMethod(Invoker.java:643)
	at org.testng.internal.Invoker.invokeTestMethod(Invoker.java:820)
	at org.testng.internal.Invoker.invokeTestMethods(Invoker.java:1128)
	at org.testng.internal.TestMethodWorker.invokeTestMethods(TestMethodWorker.java:129)
	at org.testng.internal.TestMethodWorker.run(TestMethodWorker.java:112)
	at org.testng.TestRunner.privateRun(TestRunner.java:782)
	at org.testng.TestRunner.run(TestRunner.java:632)
	at org.testng.SuiteRunner.runTest(SuiteRunner.java:366)
	at org.testng.SuiteRunner.runSequentially(SuiteRunner.java:361)
	at org.testng.SuiteRunner.privateRun(SuiteRunner.java:319)
	at org.testng.SuiteRunner.run(SuiteRunner.java:268)
	at org.testng.SuiteRunnerWorker.runSuite(SuiteRunnerWorker.java:52)
	at org.testng.SuiteRunnerWorker.run(SuiteRunnerWorker.java:86)
	at org.testng.TestNG.runSuitesSequentially(TestNG.java:1244)
	at org.testng.TestNG.runSuitesLocally(TestNG.java:1169)
	at org.testng.TestNG.run(TestNG.java:1064)
	at org.apache.maven.surefire.testng.TestNGExecutor.run(TestNGExecutor.java:74)
	at org.apache.maven.surefire.testng.TestNGXmlTestSuite.execute(TestNGXmlTestSuite.java:93)
	at org.apache.maven.surefire.testng.TestNGProvider.invoke(TestNGProvider.java:101)
	at sun.reflect.NativeMethodAccessorImpl.invoke0(Native Method)
	at sun.reflect.NativeMethodAccessorImpl.invoke(NativeMethodAccessorImpl.java:62)
	at sun.reflect.DelegatingMethodAccessorImpl.invoke(DelegatingMethodAccessorImpl.java:43)
	at java.lang.reflect.Method.invoke(Method.java:498)
	at org.apache.maven.surefire.booter.ProviderFactory$ClassLoaderProxy.invoke(ProviderFactory.java:103)
	at com.sun.proxy.$Proxy0.invoke(Unknown Source)
	at org.apache.maven.surefire.booter.SurefireStarter.invokeProvider(SurefireStarter.java:145)
	at org.apache.maven.surefire.booter.SurefireStarter.runSuitesInProcess(SurefireStarter.java:87)
	at org.apache.maven.surefire.booter.ForkedBooter.main(ForkedBooter.java:69)
]]>
            </full-stacktrace>
          </exception> <!-- java.lang.AssertionError -->
          <reporter-output>
          </reporter-output>
        </test-method> <!-- test022 -->
        <test-method status="PASS" signature="teardown()[pri:0, instance:com.meituan.MeiShiPageTest@f777e8]" name="teardown" is-config="true" duration-ms="1604" started-at="2019-04-16T17:46:38Z" finished-at="2019-04-16T17:46:40Z">
          <reporter-output>
          </reporter-output>
        </test-method> <!-- teardown -->
        <test-method status="PASS" signature="AndroidSettings()[pri:0, instance:com.meituan.MeiShiPageTest@f777e8]" name="AndroidSettings" is-config="true" duration-ms="4891" started-at="2019-04-16T17:46:40Z" finished-at="2019-04-16T17:46:45Z">
          <reporter-output>
          </reporter-output>
        </test-method> <!-- AndroidSettings -->
        <test-method status="PASS" signature="test023(java.lang.String)[pri:0, instance:com.meituan.MeiShiPageTest@f777e8]" name="test023" duration-ms="82668" started-at="2019-04-16T17:46:45Z" description="尝试打电话操作" data-provider="getdata" finished-at="2019-04-16T17:48:07Z">
          <params>
            <param index="0">
              <value>
                <![CDATA[亮健容天土锅羊蝎子（安贞店）]]>
              </value>
            </param>
          </params>
          <reporter-output>
          </reporter-output>
        </test-method> <!-- test023 -->
        <test-method status="PASS" signature="teardown()[pri:0, instance:com.meituan.MeiShiPageTest@f777e8]" name="teardown" is-config="true" duration-ms="1602" started-at="2019-04-16T17:48:07Z" finished-at="2019-04-16T17:48:09Z">
          <reporter-output>
          </reporter-output>
        </test-method> <!-- teardown -->
        <test-method status="PASS" signature="AndroidSettings()[pri:0, instance:com.meituan.MeiShiPageTest@f777e8]" name="AndroidSettings" is-config="true" duration-ms="4986" started-at="2019-04-16T17:48:09Z" finished-at="2019-04-16T17:48:14Z">
          <reporter-output>
          </reporter-output>
        </test-method> <!-- AndroidSettings -->
        <test-method status="PASS" signature="test024(java.lang.String)[pri:0, instance:com.meituan.MeiShiPageTest@f777e8]" name="test024" duration-ms="140198" started-at="2019-04-16T17:48:14Z" description="如果有买单进入买单页面，输入支付金额、显示优惠金额" data-provider="getdata" finished-at="2019-04-16T17:50:34Z">
          <params>
            <param index="0">
              <value>
                <![CDATA[亮健容天土锅羊蝎子（安贞店）]]>
              </value>
            </param>
          </params>
          <reporter-output>
            <line>
              <![CDATA[优惠金额计算正确]]>
            </line>
            <line>
              <![CDATA[实际支付金额计算正确]]>
            </line>
            <line>
              <![CDATA[按钮中显示的实际支付金额正确]]>
            </line>
          </reporter-output>
        </test-method> <!-- test024 -->
        <test-method status="PASS" signature="teardown()[pri:0, instance:com.meituan.MeiShiPageTest@f777e8]" name="teardown" is-config="true" duration-ms="1695" started-at="2019-04-16T17:50:34Z" finished-at="2019-04-16T17:50:36Z">
          <reporter-output>
          </reporter-output>
        </test-method> <!-- teardown -->
        <test-method status="PASS" signature="AndroidSettings()[pri:0, instance:com.meituan.MeiShiPageTest@f777e8]" name="AndroidSettings" is-config="true" duration-ms="5044" started-at="2019-04-16T17:50:36Z" finished-at="2019-04-16T17:50:41Z">
          <reporter-output>
          </reporter-output>
        </test-method> <!-- AndroidSettings -->
        <test-method status="PASS" signature="test025(java.lang.String)[pri:0, instance:com.meituan.MeiShiPageTest@f777e8]" name="test025" duration-ms="174940" started-at="2019-04-16T17:50:41Z" description="如果有买单进入买单页面，输入支付金额、勾选输入不参与优惠金额、优惠金额显示有变化，预期结果不变化" data-provider="getdata" finished-at="2019-04-16T17:53:36Z">
          <params>
            <param index="0">
              <value>
                <![CDATA[亮健容天土锅羊蝎子（安贞店）]]>
              </value>
            </param>
          </params>
          <reporter-output>
            <line>
              <![CDATA[优惠金额计算正确]]>
            </line>
            <line>
              <![CDATA[实际支付金额计算正确]]>
            </line>
            <line>
              <![CDATA[按钮中显示的实际支付金额正确]]>
            </line>
          </reporter-output>
        </test-method> <!-- test025 -->
        <test-method status="PASS" signature="teardown()[pri:0, instance:com.meituan.MeiShiPageTest@f777e8]" name="teardown" is-config="true" duration-ms="1649" started-at="2019-04-16T17:53:36Z" finished-at="2019-04-16T17:53:38Z">
          <reporter-output>
          </reporter-output>
        </test-method> <!-- teardown -->
        <test-method status="PASS" signature="AndroidSettings()[pri:0, instance:com.meituan.MeiShiPageTest@f777e8]" name="AndroidSettings" is-config="true" duration-ms="5078" started-at="2019-04-16T17:53:38Z" finished-at="2019-04-16T17:53:43Z">
          <reporter-output>
          </reporter-output>
        </test-method> <!-- AndroidSettings -->
        <test-method status="PASS" signature="test026(java.lang.String)[pri:0, instance:com.meituan.MeiShiPageTest@f777e8]" name="test026" duration-ms="143165" started-at="2019-04-16T17:53:43Z" description="如果有买单进入买单页面，勾选掉优惠金额，判断实付金额" data-provider="getdata" finished-at="2019-04-16T17:56:06Z">
          <params>
            <param index="0">
              <value>
                <![CDATA[亮健容天土锅羊蝎子（安贞店）]]>
              </value>
            </param>
          </params>
          <reporter-output>
            <line>
              <![CDATA[实际支付金额计算正确]]>
            </line>
            <line>
              <![CDATA[按钮中显示的实际支付金额正确]]>
            </line>
          </reporter-output>
        </test-method> <!-- test026 -->
        <test-method status="PASS" signature="teardown()[pri:0, instance:com.meituan.MeiShiPageTest@f777e8]" name="teardown" is-config="true" duration-ms="1642" started-at="2019-04-16T17:56:06Z" finished-at="2019-04-16T17:56:07Z">
          <reporter-output>
          </reporter-output>
        </test-method> <!-- teardown -->
        <test-method status="PASS" signature="AndroidSettings()[pri:0, instance:com.meituan.MeiShiPageTest@f777e8]" name="AndroidSettings" is-config="true" duration-ms="5482" started-at="2019-04-16T17:56:07Z" finished-at="2019-04-16T17:56:13Z">
          <reporter-output>
          </reporter-output>
        </test-method> <!-- AndroidSettings -->
        <test-method status="PASS" signature="test027(java.lang.String)[pri:0, instance:com.meituan.MeiShiPageTest@f777e8]" name="test027" duration-ms="91213" started-at="2019-04-16T17:56:13Z" description="如果有抢购进入抢购页面" data-provider="getdata" finished-at="2019-04-16T17:57:44Z">
          <params>
            <param index="0">
              <value>
                <![CDATA[亮健容天土锅羊蝎子（安贞店）]]>
              </value>
            </param>
          </params>
          <reporter-output>
            <line>
              <![CDATA[抢购支付页面测试成功]]>
            </line>
          </reporter-output>
        </test-method> <!-- test027 -->
        <test-method status="PASS" signature="teardown()[pri:0, instance:com.meituan.MeiShiPageTest@f777e8]" name="teardown" is-config="true" duration-ms="1629" started-at="2019-04-16T17:57:44Z" finished-at="2019-04-16T17:57:46Z">
          <reporter-output>
          </reporter-output>
        </test-method> <!-- teardown -->
        <test-method status="PASS" signature="AndroidSettings()[pri:0, instance:com.meituan.MeiShiPageTest@f777e8]" name="AndroidSettings" is-config="true" duration-ms="5124" started-at="2019-04-16T17:57:46Z" finished-at="2019-04-16T17:57:51Z">
          <reporter-output>
          </reporter-output>
        </test-method> <!-- AndroidSettings -->
        <test-method status="PASS" signature="test028(java.lang.String)[pri:0, instance:com.meituan.MeiShiPageTest@f777e8]" name="test028" duration-ms="137949" started-at="2019-04-16T17:57:51Z" description="如果有抢购进入抢购页面，点击代金券区域，进入选择代金券页面" data-provider="getdata" finished-at="2019-04-16T18:00:09Z">
          <params>
            <param index="0">
              <value>
                <![CDATA[亮健容天土锅羊蝎子（安贞店）]]>
              </value>
            </param>
          </params>
          <reporter-output>
            <line>
              <![CDATA[抢购支付页面测试成功]]>
            </line>
          </reporter-output>
        </test-method> <!-- test028 -->
        <test-method status="PASS" signature="teardown()[pri:0, instance:com.meituan.MeiShiPageTest@f777e8]" name="teardown" is-config="true" duration-ms="1653" started-at="2019-04-16T18:00:09Z" finished-at="2019-04-16T18:00:10Z">
          <reporter-output>
          </reporter-output>
        </test-method> <!-- teardown -->
        <test-method status="PASS" signature="AndroidSettings()[pri:0, instance:com.meituan.MeiShiPageTest@f777e8]" name="AndroidSettings" is-config="true" duration-ms="5405" started-at="2019-04-16T18:00:10Z" finished-at="2019-04-16T18:00:16Z">
          <reporter-output>
          </reporter-output>
        </test-method> <!-- AndroidSettings -->
        <test-method status="PASS" signature="test029(java.lang.String)[pri:0, instance:com.meituan.MeiShiPageTest@f777e8]" name="test029" duration-ms="150963" started-at="2019-04-16T18:00:16Z" description="如果有到店吃套餐，点击抢购，滑动套餐名称" data-provider="getdata" finished-at="2019-04-16T18:02:47Z">
          <params>
            <param index="0">
              <value>
                <![CDATA[汉堡王（安贞环贸店）]]>
              </value>
            </param>
          </params>
          <reporter-output>
            <line>
              <![CDATA[有到店吃套餐抢购按钮]]>
            </line>
          </reporter-output>
        </test-method> <!-- test029 -->
        <test-method status="PASS" signature="teardown()[pri:0, instance:com.meituan.MeiShiPageTest@f777e8]" name="teardown" is-config="true" duration-ms="1699" started-at="2019-04-16T18:02:47Z" finished-at="2019-04-16T18:02:49Z">
          <reporter-output>
          </reporter-output>
        </test-method> <!-- teardown -->
        <test-method status="PASS" signature="AndroidSettings()[pri:0, instance:com.meituan.MeiShiPageTest@f777e8]" name="AndroidSettings" is-config="true" duration-ms="5024" started-at="2019-04-16T18:02:49Z" finished-at="2019-04-16T18:02:54Z">
          <reporter-output>
          </reporter-output>
        </test-method> <!-- AndroidSettings -->
        <test-method status="PASS" signature="test030(java.lang.String)[pri:0, instance:com.meituan.MeiShiPageTest@f777e8]" name="test030" duration-ms="149213" started-at="2019-04-16T18:02:54Z" description="如果有到店吃套餐，点击抢购，选择套餐名称进入支付抢购页面" data-provider="getdata" finished-at="2019-04-16T18:05:23Z">
          <params>
            <param index="0">
              <value>
                <![CDATA[汉堡王（安贞环贸店）]]>
              </value>
            </param>
          </params>
          <reporter-output>
            <line>
              <![CDATA[有到店吃套餐抢购按钮]]>
            </line>
            <line>
              <![CDATA[抢购支付页面测试成功]]>
            </line>
          </reporter-output>
        </test-method> <!-- test030 -->
        <test-method status="PASS" signature="teardown()[pri:0, instance:com.meituan.MeiShiPageTest@f777e8]" name="teardown" is-config="true" duration-ms="1605" started-at="2019-04-16T18:05:23Z" finished-at="2019-04-16T18:05:24Z">
          <reporter-output>
          </reporter-output>
        </test-method> <!-- teardown -->
        <test-method status="PASS" signature="AndroidSettings()[pri:0, instance:com.meituan.MeiShiPageTest@f777e8]" name="AndroidSettings" is-config="true" duration-ms="4977" started-at="2019-04-16T18:05:24Z" finished-at="2019-04-16T18:05:29Z">
          <reporter-output>
          </reporter-output>
        </test-method> <!-- AndroidSettings -->
        <test-method status="PASS" signature="test031(java.lang.String)[pri:0, instance:com.meituan.MeiShiPageTest@f777e8]" name="test031" duration-ms="128769" started-at="2019-04-16T18:05:29Z" description="查看用户评论，点击评论内容先进入评论列表页面，再点击评论内容进入评论详情页面，比对用户昵称和评论内容，最后再返回到用户评论首页" data-provider="getdata" finished-at="2019-04-16T18:07:38Z">
          <params>
            <param index="0">
              <value>
                <![CDATA[汉堡王（安贞环贸店）]]>
              </value>
            </param>
          </params>
          <reporter-output>
          </reporter-output>
        </test-method> <!-- test031 -->
        <test-method status="PASS" signature="teardown()[pri:0, instance:com.meituan.MeiShiPageTest@f777e8]" name="teardown" is-config="true" duration-ms="1625" started-at="2019-04-16T18:07:38Z" finished-at="2019-04-16T18:07:40Z">
          <reporter-output>
          </reporter-output>
        </test-method> <!-- teardown -->
        <test-method status="PASS" signature="AndroidSettings()[pri:0, instance:com.meituan.MeiShiPageTest@f777e8]" name="AndroidSettings" is-config="true" duration-ms="6007" started-at="2019-04-16T18:07:40Z" finished-at="2019-04-16T18:07:46Z">
          <reporter-output>
          </reporter-output>
        </test-method> <!-- AndroidSettings -->
        <test-method status="FAIL" signature="test034(java.lang.String)[pri:0, instance:com.meituan.MeiShiPageTest@f777e8]" name="test034" duration-ms="89747" started-at="2019-04-16T18:07:46Z" description="进入提交订单页面，计算金额" data-provider="getdata" finished-at="2019-04-16T18:09:16Z">
          <params>
            <param index="0">
              <value>
                <![CDATA[老街时光牛肉汤&凉皮（第十四档口-顺诚美食城店）]]>
              </value>
            </param>
          </params>
          <exception class="java.lang.NumberFormatException">
            <message>
              <![CDATA[For input string: "去结算"]]>
            </message>
            <full-stacktrace>
              <![CDATA[java.lang.NumberFormatException: For input string: "去结算"
	at sun.misc.FloatingDecimal.readJavaFormatString(FloatingDecimal.java:2043)
	at sun.misc.FloatingDecimal.parseDouble(FloatingDecimal.java:110)
	at java.lang.Double.parseDouble(Double.java:538)
	at com.meituan.MeiShiPageTest.test034(MeiShiPageTest.java:988)
	at sun.reflect.NativeMethodAccessorImpl.invoke0(Native Method)
	at sun.reflect.NativeMethodAccessorImpl.invoke(NativeMethodAccessorImpl.java:62)
	at sun.reflect.DelegatingMethodAccessorImpl.invoke(DelegatingMethodAccessorImpl.java:43)
	at java.lang.reflect.Method.invoke(Method.java:498)
	at org.testng.internal.MethodInvocationHelper.invokeMethod(MethodInvocationHelper.java:86)
	at org.testng.internal.Invoker.invokeMethod(Invoker.java:643)
	at org.testng.internal.Invoker.invokeTestMethod(Invoker.java:820)
	at org.testng.internal.Invoker.invokeTestMethods(Invoker.java:1128)
	at org.testng.internal.TestMethodWorker.invokeTestMethods(TestMethodWorker.java:129)
	at org.testng.internal.TestMethodWorker.run(TestMethodWorker.java:112)
	at org.testng.TestRunner.privateRun(TestRunner.java:782)
	at org.testng.TestRunner.run(TestRunner.java:632)
	at org.testng.SuiteRunner.runTest(SuiteRunner.java:366)
	at org.testng.SuiteRunner.runSequentially(SuiteRunner.java:361)
	at org.testng.SuiteRunner.privateRun(SuiteRunner.java:319)
	at org.testng.SuiteRunner.run(SuiteRunner.java:268)
	at org.testng.SuiteRunnerWorker.runSuite(SuiteRunnerWorker.java:52)
	at org.testng.SuiteRunnerWorker.run(SuiteRunnerWorker.java:86)
	at org.testng.TestNG.runSuitesSequentially(TestNG.java:1244)
	at org.testng.TestNG.runSuitesLocally(TestNG.java:1169)
	at org.testng.TestNG.run(TestNG.java:1064)
	at org.apache.maven.surefire.testng.TestNGExecutor.run(TestNGExecutor.java:74)
	at org.apache.maven.surefire.testng.TestNGXmlTestSuite.execute(TestNGXmlTestSuite.java:93)
	at org.apache.maven.surefire.testng.TestNGProvider.invoke(TestNGProvider.java:101)
	at sun.reflect.NativeMethodAccessorImpl.invoke0(Native Method)
	at sun.reflect.NativeMethodAccessorImpl.invoke(NativeMethodAccessorImpl.java:62)
	at sun.reflect.DelegatingMethodAccessorImpl.invoke(DelegatingMethodAccessorImpl.java:43)
	at java.lang.reflect.Method.invoke(Method.java:498)
	at org.apache.maven.surefire.booter.ProviderFactory$ClassLoaderProxy.invoke(ProviderFactory.java:103)
	at com.sun.proxy.$Proxy0.invoke(Unknown Source)
	at org.apache.maven.surefire.booter.SurefireStarter.invokeProvider(SurefireStarter.java:145)
	at org.apache.maven.surefire.booter.SurefireStarter.runSuitesInProcess(SurefireStarter.java:87)
	at org.apache.maven.surefire.booter.ForkedBooter.main(ForkedBooter.java:69)
]]>
            </full-stacktrace>
          </exception> <!-- java.lang.NumberFormatException -->
          <reporter-output>
          </reporter-output>
        </test-method> <!-- test034 -->
        <test-method status="PASS" signature="teardown()[pri:0, instance:com.meituan.MeiShiPageTest@f777e8]" name="teardown" is-config="true" duration-ms="1606" started-at="2019-04-16T18:09:16Z" finished-at="2019-04-16T18:09:17Z">
          <reporter-output>
          </reporter-output>
        </test-method> <!-- teardown -->
        <test-method status="PASS" signature="AndroidSettings()[pri:0, instance:com.meituan.MeiShiPageTest@f777e8]" name="AndroidSettings" is-config="true" duration-ms="5793" started-at="2019-04-16T18:09:17Z" finished-at="2019-04-16T18:09:23Z">
          <reporter-output>
          </reporter-output>
        </test-method> <!-- AndroidSettings -->
        <test-method status="FAIL" signature="test034(java.lang.String)[pri:0, instance:com.meituan.MeiShiPageTest@f777e8]" name="test034" duration-ms="76773" started-at="2019-04-16T18:09:23Z" description="进入提交订单页面，计算金额" data-provider="getdata" finished-at="2019-04-16T18:10:40Z">
          <params>
            <param index="0">
              <value>
                <![CDATA[麦特派炸鸡汉堡（国展宾馆店）]]>
              </value>
            </param>
          </params>
          <exception class="java.lang.NumberFormatException">
            <message>
              <![CDATA[For input string: "去结算"]]>
            </message>
            <full-stacktrace>
              <![CDATA[java.lang.NumberFormatException: For input string: "去结算"
	at sun.misc.FloatingDecimal.readJavaFormatString(FloatingDecimal.java:2043)
	at sun.misc.FloatingDecimal.parseDouble(FloatingDecimal.java:110)
	at java.lang.Double.parseDouble(Double.java:538)
	at com.meituan.MeiShiPageTest.test034(MeiShiPageTest.java:988)
	at sun.reflect.NativeMethodAccessorImpl.invoke0(Native Method)
	at sun.reflect.NativeMethodAccessorImpl.invoke(NativeMethodAccessorImpl.java:62)
	at sun.reflect.DelegatingMethodAccessorImpl.invoke(DelegatingMethodAccessorImpl.java:43)
	at java.lang.reflect.Method.invoke(Method.java:498)
	at org.testng.internal.MethodInvocationHelper.invokeMethod(MethodInvocationHelper.java:86)
	at org.testng.internal.Invoker.invokeMethod(Invoker.java:643)
	at org.testng.internal.Invoker.invokeTestMethod(Invoker.java:820)
	at org.testng.internal.Invoker.invokeTestMethods(Invoker.java:1128)
	at org.testng.internal.TestMethodWorker.invokeTestMethods(TestMethodWorker.java:129)
	at org.testng.internal.TestMethodWorker.run(TestMethodWorker.java:112)
	at org.testng.TestRunner.privateRun(TestRunner.java:782)
	at org.testng.TestRunner.run(TestRunner.java:632)
	at org.testng.SuiteRunner.runTest(SuiteRunner.java:366)
	at org.testng.SuiteRunner.runSequentially(SuiteRunner.java:361)
	at org.testng.SuiteRunner.privateRun(SuiteRunner.java:319)
	at org.testng.SuiteRunner.run(SuiteRunner.java:268)
	at org.testng.SuiteRunnerWorker.runSuite(SuiteRunnerWorker.java:52)
	at org.testng.SuiteRunnerWorker.run(SuiteRunnerWorker.java:86)
	at org.testng.TestNG.runSuitesSequentially(TestNG.java:1244)
	at org.testng.TestNG.runSuitesLocally(TestNG.java:1169)
	at org.testng.TestNG.run(TestNG.java:1064)
	at org.apache.maven.surefire.testng.TestNGExecutor.run(TestNGExecutor.java:74)
	at org.apache.maven.surefire.testng.TestNGXmlTestSuite.execute(TestNGXmlTestSuite.java:93)
	at org.apache.maven.surefire.testng.TestNGProvider.invoke(TestNGProvider.java:101)
	at sun.reflect.NativeMethodAccessorImpl.invoke0(Native Method)
	at sun.reflect.NativeMethodAccessorImpl.invoke(NativeMethodAccessorImpl.java:62)
	at sun.reflect.DelegatingMethodAccessorImpl.invoke(DelegatingMethodAccessorImpl.java:43)
	at java.lang.reflect.Method.invoke(Method.java:498)
	at org.apache.maven.surefire.booter.ProviderFactory$ClassLoaderProxy.invoke(ProviderFactory.java:103)
	at com.sun.proxy.$Proxy0.invoke(Unknown Source)
	at org.apache.maven.surefire.booter.SurefireStarter.invokeProvider(SurefireStarter.java:145)
	at org.apache.maven.surefire.booter.SurefireStarter.runSuitesInProcess(SurefireStarter.java:87)
	at org.apache.maven.surefire.booter.ForkedBooter.main(ForkedBooter.java:69)
]]>
            </full-stacktrace>
          </exception> <!-- java.lang.NumberFormatException -->
          <reporter-output>
          </reporter-output>
        </test-method> <!-- test034 -->
        <test-method status="PASS" signature="teardown()[pri:0, instance:com.meituan.MeiShiPageTest@f777e8]" name="teardown" is-config="true" duration-ms="1742" started-at="2019-04-16T18:10:40Z" finished-at="2019-04-16T18:10:41Z">
          <reporter-output>
          </reporter-output>
        </test-method> <!-- teardown -->
        <test-method status="PASS" signature="AndroidSettings()[pri:0, instance:com.meituan.MeiShiPageTest@f777e8]" name="AndroidSettings" is-config="true" duration-ms="5110" started-at="2019-04-16T18:10:41Z" finished-at="2019-04-16T18:10:47Z">
          <reporter-output>
          </reporter-output>
        </test-method> <!-- AndroidSettings -->
        <test-method status="PASS" signature="test034(java.lang.String)[pri:0, instance:com.meituan.MeiShiPageTest@f777e8]" name="test034" duration-ms="159494" started-at="2019-04-16T18:10:47Z" description="进入提交订单页面，计算金额" data-provider="getdata" finished-at="2019-04-16T18:13:26Z">
          <params>
            <param index="0">
              <value>
                <![CDATA[太太好粥（第B4档口-云加厨房美食城店）]]>
              </value>
            </param>
          </params>
          <reporter-output>
          </reporter-output>
        </test-method> <!-- test034 -->
        <test-method status="PASS" signature="teardown()[pri:0, instance:com.meituan.MeiShiPageTest@f777e8]" name="teardown" is-config="true" duration-ms="1614" started-at="2019-04-16T18:13:26Z" finished-at="2019-04-16T18:13:28Z">
          <reporter-output>
          </reporter-output>
        </test-method> <!-- teardown -->
        <test-method status="PASS" signature="AndroidSettings()[pri:0, instance:com.meituan.MeiShiPageTest@f777e8]" name="AndroidSettings" is-config="true" duration-ms="5141" started-at="2019-04-16T18:13:28Z" finished-at="2019-04-16T18:13:33Z">
          <reporter-output>
          </reporter-output>
        </test-method> <!-- AndroidSettings -->
        <test-method status="FAIL" signature="test034(java.lang.String)[pri:0, instance:com.meituan.MeiShiPageTest@f777e8]" name="test034" duration-ms="101292" started-at="2019-04-16T18:13:33Z" description="进入提交订单页面，计算金额" data-provider="getdata" finished-at="2019-04-16T18:15:14Z">
          <params>
            <param index="0">
              <value>
                <![CDATA[35秒烤肉拌饭（第4档口火赢美食城店）]]>
              </value>
            </param>
          </params>
          <exception class="java.lang.NumberFormatException">
            <message>
              <![CDATA[For input string: "去结算"]]>
            </message>
            <full-stacktrace>
              <![CDATA[java.lang.NumberFormatException: For input string: "去结算"
	at sun.misc.FloatingDecimal.readJavaFormatString(FloatingDecimal.java:2043)
	at sun.misc.FloatingDecimal.parseDouble(FloatingDecimal.java:110)
	at java.lang.Double.parseDouble(Double.java:538)
	at com.meituan.MeiShiPageTest.test034(MeiShiPageTest.java:988)
	at sun.reflect.NativeMethodAccessorImpl.invoke0(Native Method)
	at sun.reflect.NativeMethodAccessorImpl.invoke(NativeMethodAccessorImpl.java:62)
	at sun.reflect.DelegatingMethodAccessorImpl.invoke(DelegatingMethodAccessorImpl.java:43)
	at java.lang.reflect.Method.invoke(Method.java:498)
	at org.testng.internal.MethodInvocationHelper.invokeMethod(MethodInvocationHelper.java:86)
	at org.testng.internal.Invoker.invokeMethod(Invoker.java:643)
	at org.testng.internal.Invoker.invokeTestMethod(Invoker.java:820)
	at org.testng.internal.Invoker.invokeTestMethods(Invoker.java:1128)
	at org.testng.internal.TestMethodWorker.invokeTestMethods(TestMethodWorker.java:129)
	at org.testng.internal.TestMethodWorker.run(TestMethodWorker.java:112)
	at org.testng.TestRunner.privateRun(TestRunner.java:782)
	at org.testng.TestRunner.run(TestRunner.java:632)
	at org.testng.SuiteRunner.runTest(SuiteRunner.java:366)
	at org.testng.SuiteRunner.runSequentially(SuiteRunner.java:361)
	at org.testng.SuiteRunner.privateRun(SuiteRunner.java:319)
	at org.testng.SuiteRunner.run(SuiteRunner.java:268)
	at org.testng.SuiteRunnerWorker.runSuite(SuiteRunnerWorker.java:52)
	at org.testng.SuiteRunnerWorker.run(SuiteRunnerWorker.java:86)
	at org.testng.TestNG.runSuitesSequentially(TestNG.java:1244)
	at org.testng.TestNG.runSuitesLocally(TestNG.java:1169)
	at org.testng.TestNG.run(TestNG.java:1064)
	at org.apache.maven.surefire.testng.TestNGExecutor.run(TestNGExecutor.java:74)
	at org.apache.maven.surefire.testng.TestNGXmlTestSuite.execute(TestNGXmlTestSuite.java:93)
	at org.apache.maven.surefire.testng.TestNGProvider.invoke(TestNGProvider.java:101)
	at sun.reflect.NativeMethodAccessorImpl.invoke0(Native Method)
	at sun.reflect.NativeMethodAccessorImpl.invoke(NativeMethodAccessorImpl.java:62)
	at sun.reflect.DelegatingMethodAccessorImpl.invoke(DelegatingMethodAccessorImpl.java:43)
	at java.lang.reflect.Method.invoke(Method.java:498)
	at org.apache.maven.surefire.booter.ProviderFactory$ClassLoaderProxy.invoke(ProviderFactory.java:103)
	at com.sun.proxy.$Proxy0.invoke(Unknown Source)
	at org.apache.maven.surefire.booter.SurefireStarter.invokeProvider(SurefireStarter.java:145)
	at org.apache.maven.surefire.booter.SurefireStarter.runSuitesInProcess(SurefireStarter.java:87)
	at org.apache.maven.surefire.booter.ForkedBooter.main(ForkedBooter.java:69)
]]>
            </full-stacktrace>
          </exception> <!-- java.lang.NumberFormatException -->
          <reporter-output>
          </reporter-output>
        </test-method> <!-- test034 -->
        <test-method status="PASS" signature="teardown()[pri:0, instance:com.meituan.MeiShiPageTest@f777e8]" name="teardown" is-config="true" duration-ms="1727" started-at="2019-04-16T18:15:14Z" finished-at="2019-04-16T18:15:16Z">
          <reporter-output>
          </reporter-output>
        </test-method> <!-- teardown -->
      </class> <!-- com.meituan.MeiShiPageTest -->
      <class name="com.meituan.HomePageTest">
        <test-method status="PASS" signature="AndroidSettings()[pri:0, instance:com.meituan.HomePageTest@1ec2012]" name="AndroidSettings" is-config="true" duration-ms="6933" started-at="2019-04-16T17:27:28Z" finished-at="2019-04-16T17:27:35Z">
          <reporter-output>
          </reporter-output>
        </test-method> <!-- AndroidSettings -->
        <test-method status="PASS" signature="test001()[pri:0, instance:com.meituan.HomePageTest@1ec2012]" name="test001" duration-ms="26535" started-at="2019-04-16T17:27:35Z" description="切换城市--选择热门城市" finished-at="2019-04-16T17:28:02Z">
          <reporter-output>
          </reporter-output>
        </test-method> <!-- test001 -->
        <test-method status="PASS" signature="teardown()[pri:0, instance:com.meituan.HomePageTest@1ec2012]" name="teardown" is-config="true" duration-ms="2164" started-at="2019-04-16T17:28:02Z" finished-at="2019-04-16T17:28:04Z">
          <reporter-output>
          </reporter-output>
        </test-method> <!-- teardown -->
        <test-method status="PASS" signature="AndroidSettings()[pri:0, instance:com.meituan.HomePageTest@1ec2012]" name="AndroidSettings" is-config="true" duration-ms="4464" started-at="2019-04-16T17:28:04Z" finished-at="2019-04-16T17:28:08Z">
          <reporter-output>
          </reporter-output>
        </test-method> <!-- AndroidSettings -->
        <test-method status="PASS" signature="test002()[pri:0, instance:com.meituan.HomePageTest@1ec2012]" name="test002" duration-ms="34069" started-at="2019-04-16T17:28:08Z" description="切换城市--切换县区" finished-at="2019-04-16T17:28:42Z">
          <reporter-output>
          </reporter-output>
        </test-method> <!-- test002 -->
        <test-method status="PASS" signature="teardown()[pri:0, instance:com.meituan.HomePageTest@1ec2012]" name="teardown" is-config="true" duration-ms="2007" started-at="2019-04-16T17:28:42Z" finished-at="2019-04-16T17:28:44Z">
          <reporter-output>
          </reporter-output>
        </test-method> <!-- teardown -->
        <test-method status="PASS" signature="AndroidSettings()[pri:0, instance:com.meituan.HomePageTest@1ec2012]" name="AndroidSettings" is-config="true" duration-ms="4615" started-at="2019-04-16T17:28:44Z" finished-at="2019-04-16T17:28:49Z">
          <reporter-output>
          </reporter-output>
        </test-method> <!-- AndroidSettings -->
        <test-method status="PASS" signature="test003()[pri:0, instance:com.meituan.HomePageTest@1ec2012]" name="test003" duration-ms="26662" started-at="2019-04-16T17:28:49Z" description="切换城市--选择指定城市" finished-at="2019-04-16T17:29:16Z">
          <reporter-output>
          </reporter-output>
        </test-method> <!-- test003 -->
        <test-method status="PASS" signature="teardown()[pri:0, instance:com.meituan.HomePageTest@1ec2012]" name="teardown" is-config="true" duration-ms="2102" started-at="2019-04-16T17:29:16Z" finished-at="2019-04-16T17:29:18Z">
          <reporter-output>
          </reporter-output>
        </test-method> <!-- teardown -->
        <test-method status="PASS" signature="AndroidSettings()[pri:0, instance:com.meituan.HomePageTest@1ec2012]" name="AndroidSettings" is-config="true" duration-ms="4575" started-at="2019-04-16T17:29:18Z" finished-at="2019-04-16T17:29:22Z">
          <reporter-output>
          </reporter-output>
        </test-method> <!-- AndroidSettings -->
        <test-method status="PASS" signature="test004(java.lang.String)[pri:0, instance:com.meituan.HomePageTest@1ec2012]" name="test004" duration-ms="45049" started-at="2019-04-16T17:29:22Z" description="切换城市--搜索指定城市" data-provider="getdata" finished-at="2019-04-16T17:30:07Z">
          <params>
            <param index="0">
              <value>
                <![CDATA[北京]]>
              </value>
            </param>
          </params>
          <reporter-output>
          </reporter-output>
        </test-method> <!-- test004 -->
        <test-method status="PASS" signature="teardown()[pri:0, instance:com.meituan.HomePageTest@1ec2012]" name="teardown" is-config="true" duration-ms="2101" started-at="2019-04-16T17:30:07Z" finished-at="2019-04-16T17:30:09Z">
          <reporter-output>
          </reporter-output>
        </test-method> <!-- teardown -->
        <test-method status="PASS" signature="AndroidSettings()[pri:0, instance:com.meituan.HomePageTest@1ec2012]" name="AndroidSettings" is-config="true" duration-ms="4435" started-at="2019-04-16T17:30:09Z" finished-at="2019-04-16T17:30:14Z">
          <reporter-output>
          </reporter-output>
        </test-method> <!-- AndroidSettings -->
        <test-method status="PASS" signature="test005()[pri:0, instance:com.meituan.HomePageTest@1ec2012]" name="test005" duration-ms="8135" started-at="2019-04-16T17:30:14Z" description="切换城市--返回首页" finished-at="2019-04-16T17:30:22Z">
          <reporter-output>
          </reporter-output>
        </test-method> <!-- test005 -->
        <test-method status="PASS" signature="teardown()[pri:0, instance:com.meituan.HomePageTest@1ec2012]" name="teardown" is-config="true" duration-ms="2062" started-at="2019-04-16T17:30:22Z" finished-at="2019-04-16T17:30:24Z">
          <reporter-output>
          </reporter-output>
        </test-method> <!-- teardown -->
        <test-method status="PASS" signature="AndroidSettings()[pri:0, instance:com.meituan.HomePageTest@1ec2012]" name="AndroidSettings" is-config="true" duration-ms="4808" started-at="2019-04-16T17:30:24Z" finished-at="2019-04-16T17:30:29Z">
          <reporter-output>
          </reporter-output>
        </test-method> <!-- AndroidSettings -->
        <test-method status="PASS" signature="test006()[pri:0, instance:com.meituan.HomePageTest@1ec2012]" name="test006" duration-ms="44840" started-at="2019-04-16T17:30:29Z" description="切换城市--选择国际/港澳台城市" finished-at="2019-04-16T17:31:14Z">
          <reporter-output>
          </reporter-output>
        </test-method> <!-- test006 -->
        <test-method status="PASS" signature="teardown()[pri:0, instance:com.meituan.HomePageTest@1ec2012]" name="teardown" is-config="true" duration-ms="2026" started-at="2019-04-16T17:31:14Z" finished-at="2019-04-16T17:31:16Z">
          <reporter-output>
          </reporter-output>
        </test-method> <!-- teardown -->
        <test-method status="PASS" signature="AndroidSettings()[pri:0, instance:com.meituan.HomePageTest@1ec2012]" name="AndroidSettings" is-config="true" duration-ms="4449" started-at="2019-04-16T17:31:16Z" finished-at="2019-04-16T17:31:20Z">
          <reporter-output>
          </reporter-output>
        </test-method> <!-- AndroidSettings -->
        <test-method status="PASS" signature="test007(java.lang.String)[pri:0, instance:com.meituan.HomePageTest@1ec2012]" name="test007" duration-ms="82463" started-at="2019-04-16T17:31:20Z" description="输入搜索内容搜索" data-provider="getdata" finished-at="2019-04-16T17:32:43Z">
          <params>
            <param index="0">
              <value>
                <![CDATA[果多美]]>
              </value>
            </param>
          </params>
          <reporter-output>
          </reporter-output>
        </test-method> <!-- test007 -->
        <test-method status="PASS" signature="teardown()[pri:0, instance:com.meituan.HomePageTest@1ec2012]" name="teardown" is-config="true" duration-ms="2005" started-at="2019-04-16T17:32:43Z" finished-at="2019-04-16T17:32:45Z">
          <reporter-output>
          </reporter-output>
        </test-method> <!-- teardown -->
        <test-method status="PASS" signature="AndroidSettings()[pri:0, instance:com.meituan.HomePageTest@1ec2012]" name="AndroidSettings" is-config="true" duration-ms="4382" started-at="2019-04-16T17:32:45Z" finished-at="2019-04-16T17:32:49Z">
          <reporter-output>
          </reporter-output>
        </test-method> <!-- AndroidSettings -->
        <test-method status="PASS" signature="test008(java.lang.String)[pri:0, instance:com.meituan.HomePageTest@1ec2012]" name="test008" duration-ms="65111" started-at="2019-04-16T17:32:49Z" description="根据城市、省份搜索" data-provider="getdata" finished-at="2019-04-16T17:33:54Z">
          <params>
            <param index="0">
              <value>
                <![CDATA[上海]]>
              </value>
            </param>
          </params>
          <reporter-output>
          </reporter-output>
        </test-method> <!-- test008 -->
        <test-method status="PASS" signature="teardown()[pri:0, instance:com.meituan.HomePageTest@1ec2012]" name="teardown" is-config="true" duration-ms="1987" started-at="2019-04-16T17:33:54Z" finished-at="2019-04-16T17:33:56Z">
          <reporter-output>
          </reporter-output>
        </test-method> <!-- teardown -->
        <test-method status="PASS" signature="AndroidSettings()[pri:0, instance:com.meituan.HomePageTest@1ec2012]" name="AndroidSettings" is-config="true" duration-ms="4716" started-at="2019-04-16T17:33:56Z" finished-at="2019-04-16T17:34:01Z">
          <reporter-output>
          </reporter-output>
        </test-method> <!-- AndroidSettings -->
        <test-method status="PASS" signature="test009()[pri:0, instance:com.meituan.HomePageTest@1ec2012]" name="test009" duration-ms="40230" started-at="2019-04-16T17:34:01Z" description="根据地址搜索" finished-at="2019-04-16T17:34:41Z">
          <reporter-output>
          </reporter-output>
        </test-method> <!-- test009 -->
        <test-method status="PASS" signature="teardown()[pri:0, instance:com.meituan.HomePageTest@1ec2012]" name="teardown" is-config="true" duration-ms="2025" started-at="2019-04-16T17:34:41Z" finished-at="2019-04-16T17:34:43Z">
          <reporter-output>
          </reporter-output>
        </test-method> <!-- teardown -->
        <test-method status="PASS" signature="AndroidSettings()[pri:0, instance:com.meituan.HomePageTest@1ec2012]" name="AndroidSettings" is-config="true" duration-ms="5283" started-at="2019-04-16T17:34:43Z" finished-at="2019-04-16T17:34:48Z">
          <reporter-output>
          </reporter-output>
        </test-method> <!-- AndroidSettings -->
        <test-method status="PASS" signature="test010()[pri:0, instance:com.meituan.HomePageTest@1ec2012]" name="test010" duration-ms="35084" started-at="2019-04-16T17:34:48Z" description="选择热门搜索（历史记录）内容搜索" finished-at="2019-04-16T17:35:23Z">
          <reporter-output>
          </reporter-output>
        </test-method> <!-- test010 -->
        <test-method status="PASS" signature="teardown()[pri:0, instance:com.meituan.HomePageTest@1ec2012]" name="teardown" is-config="true" duration-ms="1995" started-at="2019-04-16T17:35:23Z" finished-at="2019-04-16T17:35:25Z">
          <reporter-output>
          </reporter-output>
        </test-method> <!-- teardown -->
        <test-method status="PASS" signature="AndroidSettings()[pri:0, instance:com.meituan.HomePageTest@1ec2012]" name="AndroidSettings" is-config="true" duration-ms="4720" started-at="2019-04-16T17:35:25Z" finished-at="2019-04-16T17:35:30Z">
          <reporter-output>
          </reporter-output>
        </test-method> <!-- AndroidSettings -->
        <test-method status="PASS" signature="test011()[pri:0, instance:com.meituan.HomePageTest@1ec2012]" name="test011" duration-ms="15572" started-at="2019-04-16T17:35:30Z" description="banner滑动后点击" finished-at="2019-04-16T17:35:46Z">
          <reporter-output>
            <line>
              <![CDATA[没有banner]]>
            </line>
          </reporter-output>
        </test-method> <!-- test011 -->
        <test-method status="PASS" signature="teardown()[pri:0, instance:com.meituan.HomePageTest@1ec2012]" name="teardown" is-config="true" duration-ms="2065" started-at="2019-04-16T17:35:46Z" finished-at="2019-04-16T17:35:48Z">
          <reporter-output>
          </reporter-output>
        </test-method> <!-- teardown -->
        <test-method status="PASS" signature="AndroidSettings()[pri:0, instance:com.meituan.HomePageTest@1ec2012]" name="AndroidSettings" is-config="true" duration-ms="4778" started-at="2019-04-16T17:35:48Z" finished-at="2019-04-16T17:35:53Z">
          <reporter-output>
          </reporter-output>
        </test-method> <!-- AndroidSettings -->
        <test-method status="PASS" signature="test012()[pri:0, instance:com.meituan.HomePageTest@1ec2012]" name="test012" duration-ms="150557" started-at="2019-04-16T17:35:53Z" description="点击每一个服务球并返回" finished-at="2019-04-16T17:38:23Z">
          <reporter-output>
          </reporter-output>
        </test-method> <!-- test012 -->
        <test-method status="PASS" signature="teardown()[pri:0, instance:com.meituan.HomePageTest@1ec2012]" name="teardown" is-config="true" duration-ms="2049" started-at="2019-04-16T17:38:23Z" finished-at="2019-04-16T17:38:25Z">
          <reporter-output>
          </reporter-output>
        </test-method> <!-- teardown -->
        <test-method status="PASS" signature="AndroidSettings()[pri:0, instance:com.meituan.HomePageTest@1ec2012]" name="AndroidSettings" is-config="true" duration-ms="6211" started-at="2019-04-16T17:38:25Z" finished-at="2019-04-16T17:38:31Z">
          <reporter-output>
          </reporter-output>
        </test-method> <!-- AndroidSettings -->
        <test-method status="FAIL" signature="test014()[pri:0, instance:com.meituan.HomePageTest@1ec2012]" name="test014" duration-ms="44472" started-at="2019-04-16T17:38:31Z" description="查看待付款订单，判断暂无订单" finished-at="2019-04-16T17:39:16Z">
          <exception class="java.lang.AssertionError">
            <message>
              <![CDATA[expected [true] but found [false]]]>
            </message>
            <full-stacktrace>
              <![CDATA[java.lang.AssertionError: expected [true] but found [false]
	at org.testng.Assert.fail(Assert.java:94)
	at org.testng.Assert.failNotEquals(Assert.java:513)
	at org.testng.Assert.assertTrue(Assert.java:42)
	at org.testng.Assert.assertTrue(Assert.java:52)
	at com.meituan.HomePageTest.test014(HomePageTest.java:402)
	at sun.reflect.NativeMethodAccessorImpl.invoke0(Native Method)
	at sun.reflect.NativeMethodAccessorImpl.invoke(NativeMethodAccessorImpl.java:62)
	at sun.reflect.DelegatingMethodAccessorImpl.invoke(DelegatingMethodAccessorImpl.java:43)
	at java.lang.reflect.Method.invoke(Method.java:498)
	at org.testng.internal.MethodInvocationHelper.invokeMethod(MethodInvocationHelper.java:86)
	at org.testng.internal.Invoker.invokeMethod(Invoker.java:643)
	at org.testng.internal.Invoker.invokeTestMethod(Invoker.java:820)
	at org.testng.internal.Invoker.invokeTestMethods(Invoker.java:1128)
	at org.testng.internal.TestMethodWorker.invokeTestMethods(TestMethodWorker.java:129)
	at org.testng.internal.TestMethodWorker.run(TestMethodWorker.java:112)
	at org.testng.TestRunner.privateRun(TestRunner.java:782)
	at org.testng.TestRunner.run(TestRunner.java:632)
	at org.testng.SuiteRunner.runTest(SuiteRunner.java:366)
	at org.testng.SuiteRunner.runSequentially(SuiteRunner.java:361)
	at org.testng.SuiteRunner.privateRun(SuiteRunner.java:319)
	at org.testng.SuiteRunner.run(SuiteRunner.java:268)
	at org.testng.SuiteRunnerWorker.runSuite(SuiteRunnerWorker.java:52)
	at org.testng.SuiteRunnerWorker.run(SuiteRunnerWorker.java:86)
	at org.testng.TestNG.runSuitesSequentially(TestNG.java:1244)
	at org.testng.TestNG.runSuitesLocally(TestNG.java:1169)
	at org.testng.TestNG.run(TestNG.java:1064)
	at org.apache.maven.surefire.testng.TestNGExecutor.run(TestNGExecutor.java:74)
	at org.apache.maven.surefire.testng.TestNGXmlTestSuite.execute(TestNGXmlTestSuite.java:93)
	at org.apache.maven.surefire.testng.TestNGProvider.invoke(TestNGProvider.java:101)
	at sun.reflect.NativeMethodAccessorImpl.invoke0(Native Method)
	at sun.reflect.NativeMethodAccessorImpl.invoke(NativeMethodAccessorImpl.java:62)
	at sun.reflect.DelegatingMethodAccessorImpl.invoke(DelegatingMethodAccessorImpl.java:43)
	at java.lang.reflect.Method.invoke(Method.java:498)
	at org.apache.maven.surefire.booter.ProviderFactory$ClassLoaderProxy.invoke(ProviderFactory.java:103)
	at com.sun.proxy.$Proxy0.invoke(Unknown Source)
	at org.apache.maven.surefire.booter.SurefireStarter.invokeProvider(SurefireStarter.java:145)
	at org.apache.maven.surefire.booter.SurefireStarter.runSuitesInProcess(SurefireStarter.java:87)
	at org.apache.maven.surefire.booter.ForkedBooter.main(ForkedBooter.java:69)
]]>
            </full-stacktrace>
          </exception> <!-- java.lang.AssertionError -->
          <reporter-output>
          </reporter-output>
        </test-method> <!-- test014 -->
        <test-method status="PASS" signature="teardown()[pri:0, instance:com.meituan.HomePageTest@1ec2012]" name="teardown" is-config="true" duration-ms="2212" started-at="2019-04-16T17:39:16Z" finished-at="2019-04-16T17:39:18Z">
          <reporter-output>
          </reporter-output>
        </test-method> <!-- teardown -->
        <test-method status="PASS" signature="AndroidSettings()[pri:0, instance:com.meituan.HomePageTest@1ec2012]" name="AndroidSettings" is-config="true" duration-ms="5456" started-at="2019-04-16T17:39:18Z" finished-at="2019-04-16T17:39:24Z">
          <reporter-output>
          </reporter-output>
        </test-method> <!-- AndroidSettings -->
        <test-method status="PASS" signature="test015()[pri:0, instance:com.meituan.HomePageTest@1ec2012]" name="test015" duration-ms="38791" started-at="2019-04-16T17:39:24Z" description="查看待使用订单，判断暂无订单" finished-at="2019-04-16T17:40:02Z">
          <reporter-output>
          </reporter-output>
        </test-method> <!-- test015 -->
        <test-method status="PASS" signature="teardown()[pri:0, instance:com.meituan.HomePageTest@1ec2012]" name="teardown" is-config="true" duration-ms="2191" started-at="2019-04-16T17:40:02Z" finished-at="2019-04-16T17:40:05Z">
          <reporter-output>
          </reporter-output>
        </test-method> <!-- teardown -->
        <test-method status="PASS" signature="AndroidSettings()[pri:0, instance:com.meituan.HomePageTest@1ec2012]" name="AndroidSettings" is-config="true" duration-ms="5018" started-at="2019-04-16T17:40:05Z" finished-at="2019-04-16T17:40:10Z">
          <reporter-output>
          </reporter-output>
        </test-method> <!-- AndroidSettings -->
        <test-method status="PASS" signature="test016()[pri:0, instance:com.meituan.HomePageTest@1ec2012]" name="test016" duration-ms="32627" started-at="2019-04-16T17:40:10Z" description="查看待评价订单,判断有订单去参与评价" finished-at="2019-04-16T17:40:42Z">
          <reporter-output>
          </reporter-output>
        </test-method> <!-- test016 -->
        <test-method status="PASS" signature="teardown()[pri:0, instance:com.meituan.HomePageTest@1ec2012]" name="teardown" is-config="true" duration-ms="2205" started-at="2019-04-16T17:40:42Z" finished-at="2019-04-16T17:40:44Z">
          <reporter-output>
          </reporter-output>
        </test-method> <!-- teardown -->
        <test-method status="PASS" signature="AndroidSettings()[pri:0, instance:com.meituan.HomePageTest@1ec2012]" name="AndroidSettings" is-config="true" duration-ms="5077" started-at="2019-04-16T17:40:44Z" finished-at="2019-04-16T17:40:49Z">
          <reporter-output>
          </reporter-output>
        </test-method> <!-- AndroidSettings -->
        <test-method status="PASS" signature="test017()[pri:0, instance:com.meituan.HomePageTest@1ec2012]" name="test017" duration-ms="54255" started-at="2019-04-16T17:40:49Z" description="查看退款、售后订单" finished-at="2019-04-16T17:41:44Z">
          <reporter-output>
          </reporter-output>
        </test-method> <!-- test017 -->
        <test-method status="PASS" signature="teardown()[pri:0, instance:com.meituan.HomePageTest@1ec2012]" name="teardown" is-config="true" duration-ms="2118" started-at="2019-04-16T17:41:44Z" finished-at="2019-04-16T17:41:46Z">
          <reporter-output>
          </reporter-output>
        </test-method> <!-- teardown -->
        <test-method status="PASS" signature="AndroidSettings()[pri:0, instance:com.meituan.HomePageTest@1ec2012]" name="AndroidSettings" is-config="true" duration-ms="5402" started-at="2019-04-16T17:41:46Z" finished-at="2019-04-16T17:41:51Z">
          <reporter-output>
          </reporter-output>
        </test-method> <!-- AndroidSettings -->
        <test-method status="PASS" signature="test018()[pri:0, instance:com.meituan.HomePageTest@1ec2012]" name="test018" duration-ms="60771" started-at="2019-04-16T17:41:51Z" description="点击退款进度进入退款进度页面" finished-at="2019-04-16T17:42:52Z">
          <reporter-output>
          </reporter-output>
        </test-method> <!-- test018 -->
        <test-method status="PASS" signature="teardown()[pri:0, instance:com.meituan.HomePageTest@1ec2012]" name="teardown" is-config="true" duration-ms="2105" started-at="2019-04-16T17:42:52Z" finished-at="2019-04-16T17:42:54Z">
          <reporter-output>
          </reporter-output>
        </test-method> <!-- teardown -->
        <test-method status="PASS" signature="AndroidSettings()[pri:0, instance:com.meituan.HomePageTest@1ec2012]" name="AndroidSettings" is-config="true" duration-ms="6856" started-at="2019-04-16T17:42:54Z" finished-at="2019-04-16T17:43:01Z">
          <reporter-output>
          </reporter-output>
        </test-method> <!-- AndroidSettings -->
        <test-method status="FAIL" signature="test019()[pri:0, instance:com.meituan.HomePageTest@1ec2012]" name="test019" duration-ms="75160" started-at="2019-04-16T17:43:01Z" description="查看全部订单" finished-at="2019-04-16T17:44:16Z">
          <exception class="org.openqa.selenium.NoSuchElementException">
            <message>
              <![CDATA[An element could not be located on the page using the given search parameters. (WARNING: The server did not provide any stacktrace information)
Command duration or timeout: 15.97 seconds
For documentation on this error, please visit: http://seleniumhq.org/exceptions/no_such_element.html
Build info: version: '2.46.0', revision: '61506a4624b13675f24581e453592342b7485d71', time: '2015-06-04 10:22:50'
System info: host: 'DESKTOP-08IDGDC', ip: '192.168.215.2', os.name: 'Windows 10', os.arch: 'x86', os.version: '10.0', java.version: '1.8.0_144'
Driver info: io.appium.java_client.android.AndroidDriver
Capabilities [{appPackage=com.sankuai.meituan, networkConnectionEnabled=true, noReset=true, warnings={}, databaseEnabled=false, deviceName=edaed87d, platform=LINUX, appActivity=com.meituan.android.pt.homepage.activity.MainActivity, desired={appPackage=com.sankuai.meituan, appActivity=com.meituan.android.pt.homepage.activity.MainActivity, noReset=true, platformVersion=6.0.1, unicodeKeyboard=true, platformName=Android, deviceName=edaed87d, resetKeyboard=true}, platformVersion=6.0.1, webStorageEnabled=false, locationContextEnabled=false, browserName=Android, takesScreenshot=true, javascriptEnabled=true, unicodeKeyboard=true, platformName=Android, resetKeyboard=true}]
Session ID: 5304cb1b-ecef-4b44-806b-b2b1f68f193a
*** Element info: {Using=id, value=com.sankuai.meituan:id/order_detail_title}]]>
            </message>
            <full-stacktrace>
              <![CDATA[org.openqa.selenium.NoSuchElementException: An element could not be located on the page using the given search parameters. (WARNING: The server did not provide any stacktrace information)
Command duration or timeout: 15.97 seconds
For documentation on this error, please visit: http://seleniumhq.org/exceptions/no_such_element.html
Build info: version: '2.46.0', revision: '61506a4624b13675f24581e453592342b7485d71', time: '2015-06-04 10:22:50'
System info: host: 'DESKTOP-08IDGDC', ip: '192.168.215.2', os.name: 'Windows 10', os.arch: 'x86', os.version: '10.0', java.version: '1.8.0_144'
Driver info: io.appium.java_client.android.AndroidDriver
Capabilities [{appPackage=com.sankuai.meituan, networkConnectionEnabled=true, noReset=true, warnings={}, databaseEnabled=false, deviceName=edaed87d, platform=LINUX, appActivity=com.meituan.android.pt.homepage.activity.MainActivity, desired={appPackage=com.sankuai.meituan, appActivity=com.meituan.android.pt.homepage.activity.MainActivity, noReset=true, platformVersion=6.0.1, unicodeKeyboard=true, platformName=Android, deviceName=edaed87d, resetKeyboard=true}, platformVersion=6.0.1, webStorageEnabled=false, locationContextEnabled=false, browserName=Android, takesScreenshot=true, javascriptEnabled=true, unicodeKeyboard=true, platformName=Android, resetKeyboard=true}]
Session ID: 5304cb1b-ecef-4b44-806b-b2b1f68f193a
*** Element info: {Using=id, value=com.sankuai.meituan:id/order_detail_title}
	at sun.reflect.NativeConstructorAccessorImpl.newInstance0(Native Method)
	at sun.reflect.NativeConstructorAccessorImpl.newInstance(NativeConstructorAccessorImpl.java:62)
	at sun.reflect.DelegatingConstructorAccessorImpl.newInstance(DelegatingConstructorAccessorImpl.java:45)
	at java.lang.reflect.Constructor.newInstance(Constructor.java:423)
	at org.openqa.selenium.remote.ErrorHandler.createThrowable(ErrorHandler.java:204)
	at org.openqa.selenium.remote.ErrorHandler.throwIfResponseFailed(ErrorHandler.java:156)
	at org.openqa.selenium.remote.RemoteWebDriver.execute(RemoteWebDriver.java:605)
	at io.appium.java_client.DefaultGenericMobileDriver.execute(DefaultGenericMobileDriver.java:27)
	at io.appium.java_client.AppiumDriver.execute(AppiumDriver.java:1)
	at io.appium.java_client.android.AndroidDriver.execute(AndroidDriver.java:1)
	at org.openqa.selenium.remote.RemoteWebDriver.findElement(RemoteWebDriver.java:358)
	at org.openqa.selenium.remote.RemoteWebDriver.findElementById(RemoteWebDriver.java:399)
	at io.appium.java_client.DefaultGenericMobileDriver.findElementById(DefaultGenericMobileDriver.java:47)
	at io.appium.java_client.AppiumDriver.findElementById(AppiumDriver.java:1)
	at io.appium.java_client.android.AndroidDriver.findElementById(AndroidDriver.java:1)
	at org.openqa.selenium.By$ById.findElement(By.java:215)
	at org.openqa.selenium.remote.RemoteWebDriver.findElement(RemoteWebDriver.java:350)
	at io.appium.java_client.DefaultGenericMobileDriver.findElement(DefaultGenericMobileDriver.java:37)
	at io.appium.java_client.AppiumDriver.findElement(AppiumDriver.java:1)
	at io.appium.java_client.android.AndroidDriver.findElement(AndroidDriver.java:1)
	at com.meituan.Util.Action.gettext(Action.java:354)
	at com.meituan.HomePageTest.test019(HomePageTest.java:601)
	at sun.reflect.NativeMethodAccessorImpl.invoke0(Native Method)
	at sun.reflect.NativeMethodAccessorImpl.invoke(NativeMethodAccessorImpl.java:62)
	at sun.reflect.DelegatingMethodAccessorImpl.invoke(DelegatingMethodAccessorImpl.java:43)
	at java.lang.reflect.Method.invoke(Method.java:498)
	at org.testng.internal.MethodInvocationHelper.invokeMethod(MethodInvocationHelper.java:86)
	at org.testng.internal.Invoker.invokeMethod(Invoker.java:643)
	at org.testng.internal.Invoker.invokeTestMethod(Invoker.java:820)
	at org.testng.internal.Invoker.invokeTestMethods(Invoker.java:1128)
	at org.testng.internal.TestMethodWorker.invokeTestMethods(TestMethodWorker.java:129)
	at org.testng.internal.TestMethodWorker.run(TestMethodWorker.java:112)
	at org.testng.TestRunner.privateRun(TestRunner.java:782)
	at org.testng.TestRunner.run(TestRunner.java:632)
	at org.testng.SuiteRunner.runTest(SuiteRunner.java:366)
	at org.testng.SuiteRunner.runSequentially(SuiteRunner.java:361)
	at org.testng.SuiteRunner.privateRun(SuiteRunner.java:319)
	at org.testng.SuiteRunner.run(SuiteRunner.java:268)
	at org.testng.SuiteRunnerWorker.runSuite(SuiteRunnerWorker.java:52)
	at org.testng.SuiteRunnerWorker.run(SuiteRunnerWorker.java:86)
	at org.testng.TestNG.runSuitesSequentially(TestNG.java:1244)
	at org.testng.TestNG.runSuitesLocally(TestNG.java:1169)
	at org.testng.TestNG.run(TestNG.java:1064)
	at org.apache.maven.surefire.testng.TestNGExecutor.run(TestNGExecutor.java:74)
	at org.apache.maven.surefire.testng.TestNGXmlTestSuite.execute(TestNGXmlTestSuite.java:93)
	at org.apache.maven.surefire.testng.TestNGProvider.invoke(TestNGProvider.java:101)
	at sun.reflect.NativeMethodAccessorImpl.invoke0(Native Method)
	at sun.reflect.NativeMethodAccessorImpl.invoke(NativeMethodAccessorImpl.java:62)
	at sun.reflect.DelegatingMethodAccessorImpl.invoke(DelegatingMethodAccessorImpl.java:43)
	at java.lang.reflect.Method.invoke(Method.java:498)
	at org.apache.maven.surefire.booter.ProviderFactory$ClassLoaderProxy.invoke(ProviderFactory.java:103)
	at com.sun.proxy.$Proxy0.invoke(Unknown Source)
	at org.apache.maven.surefire.booter.SurefireStarter.invokeProvider(SurefireStarter.java:145)
	at org.apache.maven.surefire.booter.SurefireStarter.runSuitesInProcess(SurefireStarter.java:87)
	at org.apache.maven.surefire.booter.ForkedBooter.main(ForkedBooter.java:69)
]]>
            </full-stacktrace>
          </exception> <!-- org.openqa.selenium.NoSuchElementException -->
          <reporter-output>
          </reporter-output>
        </test-method> <!-- test019 -->
        <test-method status="PASS" signature="teardown()[pri:0, instance:com.meituan.HomePageTest@1ec2012]" name="teardown" is-config="true" duration-ms="2213" started-at="2019-04-16T17:44:16Z" finished-at="2019-04-16T17:44:18Z">
          <reporter-output>
          </reporter-output>
        </test-method> <!-- teardown -->
        <test-method status="PASS" signature="AndroidSettings()[pri:0, instance:com.meituan.HomePageTest@1ec2012]" name="AndroidSettings" is-config="true" duration-ms="5673" started-at="2019-04-16T17:44:18Z" finished-at="2019-04-16T17:44:24Z">
          <reporter-output>
          </reporter-output>
        </test-method> <!-- AndroidSettings -->
        <test-method status="FAIL" signature="test020()[pri:0, instance:com.meituan.HomePageTest@1ec2012]" name="test020" duration-ms="2055" started-at="2019-04-16T17:44:24Z" description="调起微信分享门店信息" finished-at="2019-04-16T17:44:26Z">
          <exception class="org.openqa.selenium.WebDriverException">
            <message>
              <![CDATA[An unknown server-side error occurred while processing the command. (WARNING: The server did not provide any stacktrace information)
Command duration or timeout: 20 milliseconds
Build info: version: '2.46.0', revision: '61506a4624b13675f24581e453592342b7485d71', time: '2015-06-04 10:22:50'
System info: host: 'DESKTOP-08IDGDC', ip: '192.168.215.2', os.name: 'Windows 10', os.arch: 'x86', os.version: '10.0', java.version: '1.8.0_144'
Driver info: io.appium.java_client.android.AndroidDriver
Capabilities [{appPackage=com.sankuai.meituan, networkConnectionEnabled=true, noReset=true, warnings={}, databaseEnabled=false, deviceName=edaed87d, platform=LINUX, appActivity=com.meituan.android.pt.homepage.activity.MainActivity, desired={appPackage=com.sankuai.meituan, appActivity=com.meituan.android.pt.homepage.activity.MainActivity, noReset=true, platformVersion=6.0.1, unicodeKeyboard=true, platformName=Android, deviceName=edaed87d, resetKeyboard=true}, platformVersion=6.0.1, webStorageEnabled=false, locationContextEnabled=false, browserName=Android, takesScreenshot=true, javascriptEnabled=true, unicodeKeyboard=true, platformName=Android, resetKeyboard=true}]
Session ID: fb95a71b-6ca2-4a09-81f7-e817d5b152cc]]>
            </message>
            <full-stacktrace>
              <![CDATA[org.openqa.selenium.WebDriverException: An unknown server-side error occurred while processing the command. (WARNING: The server did not provide any stacktrace information)
Command duration or timeout: 20 milliseconds
Build info: version: '2.46.0', revision: '61506a4624b13675f24581e453592342b7485d71', time: '2015-06-04 10:22:50'
System info: host: 'DESKTOP-08IDGDC', ip: '192.168.215.2', os.name: 'Windows 10', os.arch: 'x86', os.version: '10.0', java.version: '1.8.0_144'
Driver info: io.appium.java_client.android.AndroidDriver
Capabilities [{appPackage=com.sankuai.meituan, networkConnectionEnabled=true, noReset=true, warnings={}, databaseEnabled=false, deviceName=edaed87d, platform=LINUX, appActivity=com.meituan.android.pt.homepage.activity.MainActivity, desired={appPackage=com.sankuai.meituan, appActivity=com.meituan.android.pt.homepage.activity.MainActivity, noReset=true, platformVersion=6.0.1, unicodeKeyboard=true, platformName=Android, deviceName=edaed87d, resetKeyboard=true}, platformVersion=6.0.1, webStorageEnabled=false, locationContextEnabled=false, browserName=Android, takesScreenshot=true, javascriptEnabled=true, unicodeKeyboard=true, platformName=Android, resetKeyboard=true}]
Session ID: fb95a71b-6ca2-4a09-81f7-e817d5b152cc
	at sun.reflect.NativeConstructorAccessorImpl.newInstance0(Native Method)
	at sun.reflect.NativeConstructorAccessorImpl.newInstance(NativeConstructorAccessorImpl.java:62)
	at sun.reflect.DelegatingConstructorAccessorImpl.newInstance(DelegatingConstructorAccessorImpl.java:45)
	at java.lang.reflect.Constructor.newInstance(Constructor.java:423)
	at org.openqa.selenium.remote.ErrorHandler.createThrowable(ErrorHandler.java:204)
	at org.openqa.selenium.remote.ErrorHandler.throwIfResponseFailed(ErrorHandler.java:156)
	at org.openqa.selenium.remote.RemoteWebDriver.execute(RemoteWebDriver.java:605)
	at io.appium.java_client.DefaultGenericMobileDriver.execute(DefaultGenericMobileDriver.java:27)
	at io.appium.java_client.AppiumDriver.execute(AppiumDriver.java:1)
	at io.appium.java_client.android.AndroidDriver.execute(AndroidDriver.java:1)
	at io.appium.java_client.AppiumDriver.performTouchAction(AppiumDriver.java:380)
	at io.appium.java_client.TouchAction.perform(TouchAction.java:302)
	at io.appium.java_client.AppiumDriver.swipe(AppiumDriver.java:435)
	at com.meituan.Util.Action.Swipe(Action.java:177)
	at com.meituan.HomePageTest.test020(HomePageTest.java:622)
	at sun.reflect.NativeMethodAccessorImpl.invoke0(Native Method)
	at sun.reflect.NativeMethodAccessorImpl.invoke(NativeMethodAccessorImpl.java:62)
	at sun.reflect.DelegatingMethodAccessorImpl.invoke(DelegatingMethodAccessorImpl.java:43)
	at java.lang.reflect.Method.invoke(Method.java:498)
	at org.testng.internal.MethodInvocationHelper.invokeMethod(MethodInvocationHelper.java:86)
	at org.testng.internal.Invoker.invokeMethod(Invoker.java:643)
	at org.testng.internal.Invoker.invokeTestMethod(Invoker.java:820)
	at org.testng.internal.Invoker.invokeTestMethods(Invoker.java:1128)
	at org.testng.internal.TestMethodWorker.invokeTestMethods(TestMethodWorker.java:129)
	at org.testng.internal.TestMethodWorker.run(TestMethodWorker.java:112)
	at org.testng.TestRunner.privateRun(TestRunner.java:782)
	at org.testng.TestRunner.run(TestRunner.java:632)
	at org.testng.SuiteRunner.runTest(SuiteRunner.java:366)
	at org.testng.SuiteRunner.runSequentially(SuiteRunner.java:361)
	at org.testng.SuiteRunner.privateRun(SuiteRunner.java:319)
	at org.testng.SuiteRunner.run(SuiteRunner.java:268)
	at org.testng.SuiteRunnerWorker.runSuite(SuiteRunnerWorker.java:52)
	at org.testng.SuiteRunnerWorker.run(SuiteRunnerWorker.java:86)
	at org.testng.TestNG.runSuitesSequentially(TestNG.java:1244)
	at org.testng.TestNG.runSuitesLocally(TestNG.java:1169)
	at org.testng.TestNG.run(TestNG.java:1064)
	at org.apache.maven.surefire.testng.TestNGExecutor.run(TestNGExecutor.java:74)
	at org.apache.maven.surefire.testng.TestNGXmlTestSuite.execute(TestNGXmlTestSuite.java:93)
	at org.apache.maven.surefire.testng.TestNGProvider.invoke(TestNGProvider.java:101)
	at sun.reflect.NativeMethodAccessorImpl.invoke0(Native Method)
	at sun.reflect.NativeMethodAccessorImpl.invoke(NativeMethodAccessorImpl.java:62)
	at sun.reflect.DelegatingMethodAccessorImpl.invoke(DelegatingMethodAccessorImpl.java:43)
	at java.lang.reflect.Method.invoke(Method.java:498)
	at org.apache.maven.surefire.booter.ProviderFactory$ClassLoaderProxy.invoke(ProviderFactory.java:103)
	at com.sun.proxy.$Proxy0.invoke(Unknown Source)
	at org.apache.maven.surefire.booter.SurefireStarter.invokeProvider(SurefireStarter.java:145)
	at org.apache.maven.surefire.booter.SurefireStarter.runSuitesInProcess(SurefireStarter.java:87)
	at org.apache.maven.surefire.booter.ForkedBooter.main(ForkedBooter.java:69)
]]>
            </full-stacktrace>
          </exception> <!-- org.openqa.selenium.WebDriverException -->
          <reporter-output>
          </reporter-output>
        </test-method> <!-- test020 -->
        <test-method status="PASS" signature="teardown()[pri:0, instance:com.meituan.HomePageTest@1ec2012]" name="teardown" is-config="true" duration-ms="2344" started-at="2019-04-16T17:44:26Z" finished-at="2019-04-16T17:44:28Z">
          <reporter-output>
          </reporter-output>
        </test-method> <!-- teardown -->
      </class> <!-- com.meituan.HomePageTest -->
    </test> <!-- 执行移动端美团测试用例 -->
  </suite> <!-- 执行移动端美团测试用例 -->
</testng-results>
